#
# There is insufficient memory for the Java Runtime Environment to continue.
# Native memory allocation (malloc) failed to allocate 51376 bytes. Error detail: Chunk::new
# Possible reasons:
#   The system is out of physical RAM or swap space
#   This process is running with CompressedOops enabled, and the Java Heap may be blocking the growth of the native heap
# Possible solutions:
#   Reduce memory load on the system
#   Increase physical memory or swap space
#   Check if swap backing store is full
#   Decrease Java heap size (-Xmx/-Xms)
#   Decrease number of Java threads
#   Decrease Java thread stack sizes (-Xss)
#   Set larger code cache with -XX:ReservedCodeCacheSize=
#   JVM is running with Unscaled Compressed Oops mode in which the Java heap is
#     placed in the first 4GB address space. The Java Heap base address is the
#     maximum limit for the native heap growth. Please use -XX:HeapBaseMinAddress
#     to set the Java Heap base and to place the Java Heap above 4GB virtual address.
# This output file may be truncated or incomplete.
#
#  Out of Memory Error (arena.cpp:150), pid=13248, tid=1428
#
# JRE version: OpenJDK Runtime Environment (22.0.1+8) (build 22.0.1+8-16)
# Java VM: OpenJDK 64-Bit Server VM (22.0.1+8-16, mixed mode, sharing, tiered, compressed oops, compressed class ptrs, g1 gc, windows-amd64)
# No core dump will be written. Minidumps are not enabled by default on client versions of Windows
#

---------------  S U M M A R Y ------------

Command Line: -javaagent:C:\Program Files\JetBrains\IntelliJ IDEA 2023.3.6\lib\idea_rt.jar=52315:C:\Program Files\JetBrains\IntelliJ IDEA 2023.3.6\bin -Dfile.encoding=UTF-8 -Dsun.stdout.encoding=UTF-8 -Dsun.stderr.encoding=UTF-8 jm.task.core.jdbc.Main

Host: Intel(R) Core(TM) i5-7200U CPU @ 2.50GHz, 4 cores, 7G,  Windows 10 , 64 bit Build 19041 (10.0.19041.3636)
Time: Thu Apr 25 19:38:00 2024 RTZ 4 (s 10 , 64 bit Build 19041 (10.0.19041.3636) elapsed time: 0.867560 seconds (0d 0h 0m 0s)

---------------  T H R E A D  ---------------

Current thread (0x0000026fb40599a0):  JavaThread "C2 CompilerThread0" daemon [_thread_in_native, id=1428, stack(0x000000b560300000,0x000000b560400000) (1024K)]


Current CompileTask:
C2:867  986  s!   4       jdk.internal.loader.URLClassPath::getLoader (194 bytes)

Stack: [0x000000b560300000,0x000000b560400000]
Native frames: (J=compiled Java code, j=interpreted, Vv=VM code, C=native code)
V  [jvm.dll+0x6e2279]  (no source info available)
V  [jvm.dll+0x874e33]  (no source info available)
V  [jvm.dll+0x87725e]  (no source info available)
V  [jvm.dll+0x877933]  (no source info available)
V  [jvm.dll+0x27fd76]  (no source info available)
V  [jvm.dll+0xc3d0f]  (no source info available)
V  [jvm.dll+0xc3f6b]  (no source info available)
V  [jvm.dll+0x3bb0d2]  (no source info available)
V  [jvm.dll+0x387b6b]  (no source info available)
V  [jvm.dll+0x386fda]  (no source info available)
V  [jvm.dll+0x247918]  (no source info available)
V  [jvm.dll+0x246fbf]  (no source info available)
V  [jvm.dll+0x1c4e90]  (no source info available)
V  [jvm.dll+0x2569fe]  (no source info available)
V  [jvm.dll+0x254cba]  (no source info available)
V  [jvm.dll+0x3f5336]  (no source info available)
V  [jvm.dll+0x81d44b]  (no source info available)
V  [jvm.dll+0x6e0915]  (no source info available)
C  [ucrtbase.dll+0x21bb2]  (no source info available)
C  [KERNEL32.DLL+0x17344]  (no source info available)
C  [ntdll.dll+0x526b1]  (no source info available)


---------------  P R O C E S S  ---------------

Threads class SMR info:
_java_thread_list=0x0000026fb44bde80, length=12, elements={
0x0000026f95f13410, 0x0000026fb404ec60, 0x0000026fb40518d0, 0x0000026fb4052950,
0x0000026fb4055740, 0x0000026fb40561a0, 0x0000026fb4056c00, 0x0000026fb40599a0,
0x0000026fb4095130, 0x0000026fb423ad40, 0x0000026fb44d4b20, 0x0000026fb44d55a0
}

Java Threads: ( => current thread )
  0x0000026f95f13410 JavaThread "main"                              [_thread_in_vm, id=5816, stack(0x000000b55f500000,0x000000b55f600000) (1024K)]
  0x0000026fb404ec60 JavaThread "Reference Handler"          daemon [_thread_blocked, id=6668, stack(0x000000b55fd00000,0x000000b55fe00000) (1024K)]
  0x0000026fb40518d0 JavaThread "Finalizer"                  daemon [_thread_blocked, id=12364, stack(0x000000b55fe00000,0x000000b55ff00000) (1024K)]
  0x0000026fb4052950 JavaThread "Signal Dispatcher"          daemon [_thread_blocked, id=11168, stack(0x000000b55ff00000,0x000000b560000000) (1024K)]
  0x0000026fb4055740 JavaThread "Attach Listener"            daemon [_thread_blocked, id=728, stack(0x000000b560000000,0x000000b560100000) (1024K)]
  0x0000026fb40561a0 JavaThread "Service Thread"             daemon [_thread_blocked, id=15312, stack(0x000000b560100000,0x000000b560200000) (1024K)]
  0x0000026fb4056c00 JavaThread "Monitor Deflation Thread"   daemon [_thread_blocked, id=13132, stack(0x000000b560200000,0x000000b560300000) (1024K)]
=>0x0000026fb40599a0 JavaThread "C2 CompilerThread0"         daemon [_thread_in_native, id=1428, stack(0x000000b560300000,0x000000b560400000) (1024K)]
  0x0000026fb4095130 JavaThread "C1 CompilerThread0"         daemon [_thread_blocked, id=9268, stack(0x000000b560400000,0x000000b560500000) (1024K)]
  0x0000026fb423ad40 JavaThread "Common-Cleaner"             daemon [_thread_blocked, id=10676, stack(0x000000b560500000,0x000000b560600000) (1024K)]
  0x0000026fb44d4b20 JavaThread "Monitor Ctrl-Break"         daemon [_thread_in_native, id=13984, stack(0x000000b560600000,0x000000b560700000) (1024K)]
  0x0000026fb44d55a0 JavaThread "Notification Thread"        daemon [_thread_blocked, id=12644, stack(0x000000b560700000,0x000000b560800000) (1024K)]
Total: 12

Other Threads:
  0x0000026fb402e430 VMThread "VM Thread"                           [id=11224, stack(0x000000b55fc00000,0x000000b55fd00000) (1024K)]
  0x0000026fb40157c0 WatcherThread "VM Periodic Task Thread"        [id=9652, stack(0x000000b55fb00000,0x000000b55fc00000) (1024K)]
  0x0000026f980f7890 WorkerThread "GC Thread#0"                     [id=11456, stack(0x000000b55f600000,0x000000b55f700000) (1024K)]
  0x0000026fb4711330 WorkerThread "GC Thread#1"                     [id=6244, stack(0x000000b560800000,0x000000b560900000) (1024K)]
  0x0000026fb47116e0 WorkerThread "GC Thread#2"                     [id=1936, stack(0x000000b560900000,0x000000b560a00000) (1024K)]
  0x0000026fb4b9ac30 WorkerThread "GC Thread#3"                     [id=11860, stack(0x000000b560a00000,0x000000b560b00000) (1024K)]
  0x0000026f9810a5a0 ConcurrentGCThread "G1 Main Marker"            [id=14404, stack(0x000000b55f700000,0x000000b55f800000) (1024K)]
  0x0000026f9810b760 WorkerThread "G1 Conc#0"                       [id=14184, stack(0x000000b55f800000,0x000000b55f900000) (1024K)]
  0x0000026f9816e990 ConcurrentGCThread "G1 Refine#0"               [id=8852, stack(0x000000b55f900000,0x000000b55fa00000) (1024K)]
  0x0000026fb3ed9650 ConcurrentGCThread "G1 Service"                [id=2284, stack(0x000000b55fa00000,0x000000b55fb00000) (1024K)]
Total: 10

Threads with active compile tasks:
C2 CompilerThread0  985  986  s!   4       jdk.internal.loader.URLClassPath::getLoader (194 bytes)
Total: 1

VM state: not at safepoint (normal execution)

VM Mutex/Monitor currently owned by a thread:  ([mutex/lock_event])
[0x00007ffa59df9b38] Metaspace_lock - owner thread: 0x0000026f95f13410

Heap address: 0x0000000081e00000, size: 2018 MB, Compressed Oops mode: 32-bit

CDS archive(s) mapped at: [0x0000026fb5000000-0x0000026fb5c50000-0x0000026fb5c50000), size 12910592, SharedBaseAddress: 0x0000026fb5000000, ArchiveRelocationMode: 1.
Compressed class space mapped at: 0x0000026fb6000000-0x0000026ff6000000, reserved size: 1073741824
Narrow klass base: 0x0000026fb5000000, Narrow klass shift: 0, Narrow klass range: 0x41000000

GC Precious Log:
 CardTable entry size: 512
 Card Set container configuration: InlinePtr #cards 5 size 8 Array Of Cards #cards 12 size 40 Howl #buckets 4 coarsen threshold 1843 Howl Bitmap #cards 512 size 80 coarsen threshold 460 Card regions per heap region 1 cards per card region 2048
 CPUs: 4 total, 4 available
 Memory: 8067M
 Large Page Support: Disabled
 NUMA Support: Disabled
 Compressed Oops: Enabled (32-bit)
 Heap Region Size: 1M
 Heap Min Capacity: 8M
 Heap Initial Capacity: 128M
 Heap Max Capacity: 2018M
 Pre-touch: Disabled
 Parallel Workers: 4
 Concurrent Workers: 1
 Concurrent Refinement Workers: 4
 Periodic GC: Disabled

Heap:
 garbage-first heap   total reserved 2066432K, committed 131072K, used 7381K [0x0000000081e00000, 0x0000000100000000)
  region size 1024K, 7 young (7168K), 2 survivors (2048K)
 Metaspace       used 5745K, committed 5888K, reserved 1114112K
  class space    used 735K, committed 832K, reserved 1048576K

Heap Regions: E=young(eden), S=young(survivor), O=old, HS=humongous(starts), HC=humongous(continues), CS=collection set, F=free, TAMS=top-at-mark-start, PB=parsable bottom
|   0|0x0000000081e00000, 0x0000000081f00000, 0x0000000081f00000|100%|HS|  |TAMS 0x0000000081e00000| PB 0x0000000081e00000| Complete |  0
|   1|0x0000000081f00000, 0x0000000082000000, 0x0000000082000000|100%| O|  |TAMS 0x0000000081f00000| PB 0x0000000081f00000| Untracked |  0
|   2|0x0000000082000000, 0x0000000082035520, 0x0000000082100000| 20%| O|  |TAMS 0x0000000082000000| PB 0x0000000082000000| Untracked |  0
|   3|0x0000000082100000, 0x0000000082100000, 0x0000000082200000|  0%| F|  |TAMS 0x0000000082100000| PB 0x0000000082100000| Untracked |  0
|   4|0x0000000082200000, 0x0000000082200000, 0x0000000082300000|  0%| F|  |TAMS 0x0000000082200000| PB 0x0000000082200000| Untracked |  0
|   5|0x0000000082300000, 0x0000000082300000, 0x0000000082400000|  0%| F|  |TAMS 0x0000000082300000| PB 0x0000000082300000| Untracked |  0
|   6|0x0000000082400000, 0x0000000082400000, 0x0000000082500000|  0%| F|  |TAMS 0x0000000082400000| PB 0x0000000082400000| Untracked |  0
|   7|0x0000000082500000, 0x0000000082500000, 0x0000000082600000|  0%| F|  |TAMS 0x0000000082500000| PB 0x0000000082500000| Untracked |  0
|   8|0x0000000082600000, 0x0000000082600000, 0x0000000082700000|  0%| F|  |TAMS 0x0000000082600000| PB 0x0000000082600000| Untracked |  0
|   9|0x0000000082700000, 0x0000000082700000, 0x0000000082800000|  0%| F|  |TAMS 0x0000000082700000| PB 0x0000000082700000| Untracked |  0
|  10|0x0000000082800000, 0x0000000082800000, 0x0000000082900000|  0%| F|  |TAMS 0x0000000082800000| PB 0x0000000082800000| Untracked |  0
|  11|0x0000000082900000, 0x0000000082900000, 0x0000000082a00000|  0%| F|  |TAMS 0x0000000082900000| PB 0x0000000082900000| Untracked |  0
|  12|0x0000000082a00000, 0x0000000082a00000, 0x0000000082b00000|  0%| F|  |TAMS 0x0000000082a00000| PB 0x0000000082a00000| Untracked |  0
|  13|0x0000000082b00000, 0x0000000082b00000, 0x0000000082c00000|  0%| F|  |TAMS 0x0000000082b00000| PB 0x0000000082b00000| Untracked |  0
|  14|0x0000000082c00000, 0x0000000082c00000, 0x0000000082d00000|  0%| F|  |TAMS 0x0000000082c00000| PB 0x0000000082c00000| Untracked |  0
|  15|0x0000000082d00000, 0x0000000082d00000, 0x0000000082e00000|  0%| F|  |TAMS 0x0000000082d00000| PB 0x0000000082d00000| Untracked |  0
|  16|0x0000000082e00000, 0x0000000082e00000, 0x0000000082f00000|  0%| F|  |TAMS 0x0000000082e00000| PB 0x0000000082e00000| Untracked |  0
|  17|0x0000000082f00000, 0x0000000082f00000, 0x0000000083000000|  0%| F|  |TAMS 0x0000000082f00000| PB 0x0000000082f00000| Untracked |  0
|  18|0x0000000083000000, 0x0000000083000000, 0x0000000083100000|  0%| F|  |TAMS 0x0000000083000000| PB 0x0000000083000000| Untracked |  0
|  19|0x0000000083100000, 0x0000000083100000, 0x0000000083200000|  0%| F|  |TAMS 0x0000000083100000| PB 0x0000000083100000| Untracked |  0
|  20|0x0000000083200000, 0x0000000083200000, 0x0000000083300000|  0%| F|  |TAMS 0x0000000083200000| PB 0x0000000083200000| Untracked |  0
|  21|0x0000000083300000, 0x0000000083300000, 0x0000000083400000|  0%| F|  |TAMS 0x0000000083300000| PB 0x0000000083300000| Untracked |  0
|  22|0x0000000083400000, 0x0000000083400000, 0x0000000083500000|  0%| F|  |TAMS 0x0000000083400000| PB 0x0000000083400000| Untracked |  0
|  23|0x0000000083500000, 0x0000000083500000, 0x0000000083600000|  0%| F|  |TAMS 0x0000000083500000| PB 0x0000000083500000| Untracked |  0
|  24|0x0000000083600000, 0x0000000083600000, 0x0000000083700000|  0%| F|  |TAMS 0x0000000083600000| PB 0x0000000083600000| Untracked |  0
|  25|0x0000000083700000, 0x0000000083700000, 0x0000000083800000|  0%| F|  |TAMS 0x0000000083700000| PB 0x0000000083700000| Untracked |  0
|  26|0x0000000083800000, 0x0000000083800000, 0x0000000083900000|  0%| F|  |TAMS 0x0000000083800000| PB 0x0000000083800000| Untracked |  0
|  27|0x0000000083900000, 0x0000000083900000, 0x0000000083a00000|  0%| F|  |TAMS 0x0000000083900000| PB 0x0000000083900000| Untracked |  0
|  28|0x0000000083a00000, 0x0000000083a00000, 0x0000000083b00000|  0%| F|  |TAMS 0x0000000083a00000| PB 0x0000000083a00000| Untracked |  0
|  29|0x0000000083b00000, 0x0000000083b00000, 0x0000000083c00000|  0%| F|  |TAMS 0x0000000083b00000| PB 0x0000000083b00000| Untracked |  0
|  30|0x0000000083c00000, 0x0000000083c00000, 0x0000000083d00000|  0%| F|  |TAMS 0x0000000083c00000| PB 0x0000000083c00000| Untracked |  0
|  31|0x0000000083d00000, 0x0000000083d00000, 0x0000000083e00000|  0%| F|  |TAMS 0x0000000083d00000| PB 0x0000000083d00000| Untracked |  0
|  32|0x0000000083e00000, 0x0000000083e00000, 0x0000000083f00000|  0%| F|  |TAMS 0x0000000083e00000| PB 0x0000000083e00000| Untracked |  0
|  33|0x0000000083f00000, 0x0000000083f00000, 0x0000000084000000|  0%| F|  |TAMS 0x0000000083f00000| PB 0x0000000083f00000| Untracked |  0
|  34|0x0000000084000000, 0x0000000084000000, 0x0000000084100000|  0%| F|  |TAMS 0x0000000084000000| PB 0x0000000084000000| Untracked |  0
|  35|0x0000000084100000, 0x0000000084100000, 0x0000000084200000|  0%| F|  |TAMS 0x0000000084100000| PB 0x0000000084100000| Untracked |  0
|  36|0x0000000084200000, 0x0000000084200000, 0x0000000084300000|  0%| F|  |TAMS 0x0000000084200000| PB 0x0000000084200000| Untracked |  0
|  37|0x0000000084300000, 0x0000000084300000, 0x0000000084400000|  0%| F|  |TAMS 0x0000000084300000| PB 0x0000000084300000| Untracked |  0
|  38|0x0000000084400000, 0x0000000084400000, 0x0000000084500000|  0%| F|  |TAMS 0x0000000084400000| PB 0x0000000084400000| Untracked |  0
|  39|0x0000000084500000, 0x0000000084500000, 0x0000000084600000|  0%| F|  |TAMS 0x0000000084500000| PB 0x0000000084500000| Untracked |  0
|  40|0x0000000084600000, 0x0000000084600000, 0x0000000084700000|  0%| F|  |TAMS 0x0000000084600000| PB 0x0000000084600000| Untracked |  0
|  41|0x0000000084700000, 0x0000000084700000, 0x0000000084800000|  0%| F|  |TAMS 0x0000000084700000| PB 0x0000000084700000| Untracked |  0
|  42|0x0000000084800000, 0x0000000084800000, 0x0000000084900000|  0%| F|  |TAMS 0x0000000084800000| PB 0x0000000084800000| Untracked |  0
|  43|0x0000000084900000, 0x0000000084900000, 0x0000000084a00000|  0%| F|  |TAMS 0x0000000084900000| PB 0x0000000084900000| Untracked |  0
|  44|0x0000000084a00000, 0x0000000084a00000, 0x0000000084b00000|  0%| F|  |TAMS 0x0000000084a00000| PB 0x0000000084a00000| Untracked |  0
|  45|0x0000000084b00000, 0x0000000084b00000, 0x0000000084c00000|  0%| F|  |TAMS 0x0000000084b00000| PB 0x0000000084b00000| Untracked |  0
|  46|0x0000000084c00000, 0x0000000084c00000, 0x0000000084d00000|  0%| F|  |TAMS 0x0000000084c00000| PB 0x0000000084c00000| Untracked |  0
|  47|0x0000000084d00000, 0x0000000084d00000, 0x0000000084e00000|  0%| F|  |TAMS 0x0000000084d00000| PB 0x0000000084d00000| Untracked |  0
|  48|0x0000000084e00000, 0x0000000084e00000, 0x0000000084f00000|  0%| F|  |TAMS 0x0000000084e00000| PB 0x0000000084e00000| Untracked |  0
|  49|0x0000000084f00000, 0x0000000084f00000, 0x0000000085000000|  0%| F|  |TAMS 0x0000000084f00000| PB 0x0000000084f00000| Untracked |  0
|  50|0x0000000085000000, 0x0000000085000000, 0x0000000085100000|  0%| F|  |TAMS 0x0000000085000000| PB 0x0000000085000000| Untracked |  0
|  51|0x0000000085100000, 0x0000000085100000, 0x0000000085200000|  0%| F|  |TAMS 0x0000000085100000| PB 0x0000000085100000| Untracked |  0
|  52|0x0000000085200000, 0x0000000085200000, 0x0000000085300000|  0%| F|  |TAMS 0x0000000085200000| PB 0x0000000085200000| Untracked |  0
|  53|0x0000000085300000, 0x0000000085300000, 0x0000000085400000|  0%| F|  |TAMS 0x0000000085300000| PB 0x0000000085300000| Untracked |  0
|  54|0x0000000085400000, 0x0000000085400000, 0x0000000085500000|  0%| F|  |TAMS 0x0000000085400000| PB 0x0000000085400000| Untracked |  0
|  55|0x0000000085500000, 0x0000000085500000, 0x0000000085600000|  0%| F|  |TAMS 0x0000000085500000| PB 0x0000000085500000| Untracked |  0
|  56|0x0000000085600000, 0x0000000085600000, 0x0000000085700000|  0%| F|  |TAMS 0x0000000085600000| PB 0x0000000085600000| Untracked |  0
|  57|0x0000000085700000, 0x0000000085700000, 0x0000000085800000|  0%| F|  |TAMS 0x0000000085700000| PB 0x0000000085700000| Untracked |  0
|  58|0x0000000085800000, 0x0000000085800000, 0x0000000085900000|  0%| F|  |TAMS 0x0000000085800000| PB 0x0000000085800000| Untracked |  0
|  59|0x0000000085900000, 0x0000000085900000, 0x0000000085a00000|  0%| F|  |TAMS 0x0000000085900000| PB 0x0000000085900000| Untracked |  0
|  60|0x0000000085a00000, 0x0000000085a00000, 0x0000000085b00000|  0%| F|  |TAMS 0x0000000085a00000| PB 0x0000000085a00000| Untracked |  0
|  61|0x0000000085b00000, 0x0000000085b00000, 0x0000000085c00000|  0%| F|  |TAMS 0x0000000085b00000| PB 0x0000000085b00000| Untracked |  0
|  62|0x0000000085c00000, 0x0000000085c00000, 0x0000000085d00000|  0%| F|  |TAMS 0x0000000085c00000| PB 0x0000000085c00000| Untracked |  0
|  63|0x0000000085d00000, 0x0000000085d00000, 0x0000000085e00000|  0%| F|  |TAMS 0x0000000085d00000| PB 0x0000000085d00000| Untracked |  0
|  64|0x0000000085e00000, 0x0000000085e00000, 0x0000000085f00000|  0%| F|  |TAMS 0x0000000085e00000| PB 0x0000000085e00000| Untracked |  0
|  65|0x0000000085f00000, 0x0000000085f00000, 0x0000000086000000|  0%| F|  |TAMS 0x0000000085f00000| PB 0x0000000085f00000| Untracked |  0
|  66|0x0000000086000000, 0x0000000086000000, 0x0000000086100000|  0%| F|  |TAMS 0x0000000086000000| PB 0x0000000086000000| Untracked |  0
|  67|0x0000000086100000, 0x0000000086100000, 0x0000000086200000|  0%| F|  |TAMS 0x0000000086100000| PB 0x0000000086100000| Untracked |  0
|  68|0x0000000086200000, 0x0000000086200000, 0x0000000086300000|  0%| F|  |TAMS 0x0000000086200000| PB 0x0000000086200000| Untracked |  0
|  69|0x0000000086300000, 0x0000000086300000, 0x0000000086400000|  0%| F|  |TAMS 0x0000000086300000| PB 0x0000000086300000| Untracked |  0
|  70|0x0000000086400000, 0x0000000086400000, 0x0000000086500000|  0%| F|  |TAMS 0x0000000086400000| PB 0x0000000086400000| Untracked |  0
|  71|0x0000000086500000, 0x0000000086500000, 0x0000000086600000|  0%| F|  |TAMS 0x0000000086500000| PB 0x0000000086500000| Untracked |  0
|  72|0x0000000086600000, 0x0000000086600000, 0x0000000086700000|  0%| F|  |TAMS 0x0000000086600000| PB 0x0000000086600000| Untracked |  0
|  73|0x0000000086700000, 0x0000000086700000, 0x0000000086800000|  0%| F|  |TAMS 0x0000000086700000| PB 0x0000000086700000| Untracked |  0
|  74|0x0000000086800000, 0x0000000086800000, 0x0000000086900000|  0%| F|  |TAMS 0x0000000086800000| PB 0x0000000086800000| Untracked |  0
|  75|0x0000000086900000, 0x0000000086900000, 0x0000000086a00000|  0%| F|  |TAMS 0x0000000086900000| PB 0x0000000086900000| Untracked |  0
|  76|0x0000000086a00000, 0x0000000086a00000, 0x0000000086b00000|  0%| F|  |TAMS 0x0000000086a00000| PB 0x0000000086a00000| Untracked |  0
|  77|0x0000000086b00000, 0x0000000086b00000, 0x0000000086c00000|  0%| F|  |TAMS 0x0000000086b00000| PB 0x0000000086b00000| Untracked |  0
|  78|0x0000000086c00000, 0x0000000086c00000, 0x0000000086d00000|  0%| F|  |TAMS 0x0000000086c00000| PB 0x0000000086c00000| Untracked |  0
|  79|0x0000000086d00000, 0x0000000086d00000, 0x0000000086e00000|  0%| F|  |TAMS 0x0000000086d00000| PB 0x0000000086d00000| Untracked |  0
|  80|0x0000000086e00000, 0x0000000086e00000, 0x0000000086f00000|  0%| F|  |TAMS 0x0000000086e00000| PB 0x0000000086e00000| Untracked |  0
|  81|0x0000000086f00000, 0x0000000086f00000, 0x0000000087000000|  0%| F|  |TAMS 0x0000000086f00000| PB 0x0000000086f00000| Untracked |  0
|  82|0x0000000087000000, 0x0000000087000000, 0x0000000087100000|  0%| F|  |TAMS 0x0000000087000000| PB 0x0000000087000000| Untracked |  0
|  83|0x0000000087100000, 0x0000000087100000, 0x0000000087200000|  0%| F|  |TAMS 0x0000000087100000| PB 0x0000000087100000| Untracked |  0
|  84|0x0000000087200000, 0x0000000087200000, 0x0000000087300000|  0%| F|  |TAMS 0x0000000087200000| PB 0x0000000087200000| Untracked |  0
|  85|0x0000000087300000, 0x0000000087300000, 0x0000000087400000|  0%| F|  |TAMS 0x0000000087300000| PB 0x0000000087300000| Untracked |  0
|  86|0x0000000087400000, 0x0000000087400000, 0x0000000087500000|  0%| F|  |TAMS 0x0000000087400000| PB 0x0000000087400000| Untracked |  0
|  87|0x0000000087500000, 0x0000000087500000, 0x0000000087600000|  0%| F|  |TAMS 0x0000000087500000| PB 0x0000000087500000| Untracked |  0
|  88|0x0000000087600000, 0x0000000087600000, 0x0000000087700000|  0%| F|  |TAMS 0x0000000087600000| PB 0x0000000087600000| Untracked |  0
|  89|0x0000000087700000, 0x0000000087700000, 0x0000000087800000|  0%| F|  |TAMS 0x0000000087700000| PB 0x0000000087700000| Untracked |  0
|  90|0x0000000087800000, 0x0000000087800000, 0x0000000087900000|  0%| F|  |TAMS 0x0000000087800000| PB 0x0000000087800000| Untracked |  0
|  91|0x0000000087900000, 0x0000000087900000, 0x0000000087a00000|  0%| F|  |TAMS 0x0000000087900000| PB 0x0000000087900000| Untracked |  0
|  92|0x0000000087a00000, 0x0000000087a00000, 0x0000000087b00000|  0%| F|  |TAMS 0x0000000087a00000| PB 0x0000000087a00000| Untracked |  0
|  93|0x0000000087b00000, 0x0000000087b00000, 0x0000000087c00000|  0%| F|  |TAMS 0x0000000087b00000| PB 0x0000000087b00000| Untracked |  0
|  94|0x0000000087c00000, 0x0000000087c00000, 0x0000000087d00000|  0%| F|  |TAMS 0x0000000087c00000| PB 0x0000000087c00000| Untracked |  0
|  95|0x0000000087d00000, 0x0000000087d00000, 0x0000000087e00000|  0%| F|  |TAMS 0x0000000087d00000| PB 0x0000000087d00000| Untracked |  0
|  96|0x0000000087e00000, 0x0000000087e00000, 0x0000000087f00000|  0%| F|  |TAMS 0x0000000087e00000| PB 0x0000000087e00000| Untracked |  0
|  97|0x0000000087f00000, 0x0000000087f00000, 0x0000000088000000|  0%| F|  |TAMS 0x0000000087f00000| PB 0x0000000087f00000| Untracked |  0
|  98|0x0000000088000000, 0x0000000088000000, 0x0000000088100000|  0%| F|  |TAMS 0x0000000088000000| PB 0x0000000088000000| Untracked |  0
|  99|0x0000000088100000, 0x0000000088100000, 0x0000000088200000|  0%| F|  |TAMS 0x0000000088100000| PB 0x0000000088100000| Untracked |  0
| 100|0x0000000088200000, 0x0000000088200000, 0x0000000088300000|  0%| F|  |TAMS 0x0000000088200000| PB 0x0000000088200000| Untracked |  0
| 101|0x0000000088300000, 0x0000000088300000, 0x0000000088400000|  0%| F|  |TAMS 0x0000000088300000| PB 0x0000000088300000| Untracked |  0
| 102|0x0000000088400000, 0x0000000088400000, 0x0000000088500000|  0%| F|  |TAMS 0x0000000088400000| PB 0x0000000088400000| Untracked |  0
| 103|0x0000000088500000, 0x0000000088500000, 0x0000000088600000|  0%| F|  |TAMS 0x0000000088500000| PB 0x0000000088500000| Untracked |  0
| 104|0x0000000088600000, 0x0000000088600000, 0x0000000088700000|  0%| F|  |TAMS 0x0000000088600000| PB 0x0000000088600000| Untracked |  0
| 105|0x0000000088700000, 0x0000000088700000, 0x0000000088800000|  0%| F|  |TAMS 0x0000000088700000| PB 0x0000000088700000| Untracked |  0
| 106|0x0000000088800000, 0x0000000088800000, 0x0000000088900000|  0%| F|  |TAMS 0x0000000088800000| PB 0x0000000088800000| Untracked |  0
| 107|0x0000000088900000, 0x0000000088900000, 0x0000000088a00000|  0%| F|  |TAMS 0x0000000088900000| PB 0x0000000088900000| Untracked |  0
| 108|0x0000000088a00000, 0x0000000088a00000, 0x0000000088b00000|  0%| F|  |TAMS 0x0000000088a00000| PB 0x0000000088a00000| Untracked |  0
| 109|0x0000000088b00000, 0x0000000088b00000, 0x0000000088c00000|  0%| F|  |TAMS 0x0000000088b00000| PB 0x0000000088b00000| Untracked |  0
| 110|0x0000000088c00000, 0x0000000088c00000, 0x0000000088d00000|  0%| F|  |TAMS 0x0000000088c00000| PB 0x0000000088c00000| Untracked |  0
| 111|0x0000000088d00000, 0x0000000088d00000, 0x0000000088e00000|  0%| F|  |TAMS 0x0000000088d00000| PB 0x0000000088d00000| Untracked |  0
| 112|0x0000000088e00000, 0x0000000088f00000, 0x0000000088f00000|100%| S|CS|TAMS 0x0000000088e00000| PB 0x0000000088e00000| Complete |  0
| 113|0x0000000088f00000, 0x0000000089000000, 0x0000000089000000|100%| S|CS|TAMS 0x0000000088f00000| PB 0x0000000088f00000| Complete |  0
| 114|0x0000000089000000, 0x0000000089000000, 0x0000000089100000|  0%| F|  |TAMS 0x0000000089000000| PB 0x0000000089000000| Untracked |  0
| 115|0x0000000089100000, 0x0000000089100000, 0x0000000089200000|  0%| F|  |TAMS 0x0000000089100000| PB 0x0000000089100000| Untracked |  0
| 116|0x0000000089200000, 0x0000000089200000, 0x0000000089300000|  0%| F|  |TAMS 0x0000000089200000| PB 0x0000000089200000| Untracked |  0
| 117|0x0000000089300000, 0x0000000089300000, 0x0000000089400000|  0%| F|  |TAMS 0x0000000089300000| PB 0x0000000089300000| Untracked |  0
| 118|0x0000000089400000, 0x0000000089400000, 0x0000000089500000|  0%| F|  |TAMS 0x0000000089400000| PB 0x0000000089400000| Untracked |  0
| 119|0x0000000089500000, 0x0000000089500000, 0x0000000089600000|  0%| F|  |TAMS 0x0000000089500000| PB 0x0000000089500000| Untracked |  0
| 120|0x0000000089600000, 0x0000000089600000, 0x0000000089700000|  0%| F|  |TAMS 0x0000000089600000| PB 0x0000000089600000| Untracked |  0
| 121|0x0000000089700000, 0x0000000089700000, 0x0000000089800000|  0%| F|  |TAMS 0x0000000089700000| PB 0x0000000089700000| Untracked |  0
| 122|0x0000000089800000, 0x0000000089800000, 0x0000000089900000|  0%| F|  |TAMS 0x0000000089800000| PB 0x0000000089800000| Untracked |  0
| 123|0x0000000089900000, 0x000000008993b920, 0x0000000089a00000| 23%| E|  |TAMS 0x0000000089900000| PB 0x0000000089900000| Complete |  0
| 124|0x0000000089a00000, 0x0000000089b00000, 0x0000000089b00000|100%| E|CS|TAMS 0x0000000089a00000| PB 0x0000000089a00000| Complete |  0
| 125|0x0000000089b00000, 0x0000000089c00000, 0x0000000089c00000|100%| E|CS|TAMS 0x0000000089b00000| PB 0x0000000089b00000| Complete |  0
| 126|0x0000000089c00000, 0x0000000089d00000, 0x0000000089d00000|100%| E|  |TAMS 0x0000000089c00000| PB 0x0000000089c00000| Complete |  0
| 127|0x0000000089d00000, 0x0000000089e00000, 0x0000000089e00000|100%| E|CS|TAMS 0x0000000089d00000| PB 0x0000000089d00000| Complete |  0

Card table byte_map: [0x0000026faf7f0000,0x0000026fafbf0000] _byte_map_base: 0x0000026faf3e1000

Marking Bits: (CMBitMap*) 0x0000026f980f9ed0
 Bits: [0x0000026fafbf0000, 0x0000026fb1b78000)

Polling page: 0x0000026f95eb0000

Metaspace:

Usage:
  Non-class:      4.89 MB used.
      Class:    735.80 KB used.
       Both:      5.61 MB used.

Virtual space:
  Non-class space:       64.00 MB reserved,       4.94 MB (  8%) committed,  1 nodes.
      Class space:        1.00 GB reserved,     832.00 KB ( <1%) committed,  1 nodes.
             Both:        1.06 GB reserved,       5.75 MB ( <1%) committed. 

Chunk freelists:
   Non-Class:  8.94 MB
       Class:  15.17 MB
        Both:  24.11 MB

MaxMetaspaceSize: unlimited
CompressedClassSpaceSize: 1.00 GB
Initial GC threshold: 21.00 MB
Current GC threshold: 21.00 MB
CDS: on
 - commit_granule_bytes: 65536.
 - commit_granule_words: 8192.
 - virtual_space_node_default_size: 8388608.
 - enlarge_chunks_in_place: 1.
 - use_allocation_guard: 0.


Internal statistics:

num_allocs_failed_limit: 0.
num_arena_births: 96.
num_arena_deaths: 0.
num_vsnodes_births: 2.
num_vsnodes_deaths: 0.
num_space_committed: 92.
num_space_uncommitted: 0.
num_chunks_returned_to_freelist: 0.
num_chunks_taken_from_freelist: 249.
num_chunk_merges: 0.
num_chunk_splits: 185.
num_chunks_enlarged: 138.
num_inconsistent_stats: 0.

CodeHeap 'non-profiled nmethods': size=120000Kb used=304Kb max_used=304Kb free=119695Kb
 bounds [0x0000026fa7ec0000, 0x0000026fa8130000, 0x0000026faf3f0000]
CodeHeap 'profiled nmethods': size=120000Kb used=1740Kb max_used=1740Kb free=118259Kb
 bounds [0x0000026fa03f0000, 0x0000026fa0660000, 0x0000026fa7920000]
CodeHeap 'non-nmethods': size=5760Kb used=1366Kb max_used=1381Kb free=4393Kb
 bounds [0x0000026fa7920000, 0x0000026fa7b90000, 0x0000026fa7ec0000]
 total_blobs=1484 nmethods=1018 adapters=371
 compilation: enabled
              stopped_count=0, restarted_count=0
 full_count=0

Compilation events (20 events):
Event: 0.859 Thread 0x0000026fb4095130 nmethod 975 0x0000026fa0590010 code [0x0000026fa05901c0, 0x0000026fa0590310]
Event: 0.859 Thread 0x0000026fb4095130  976       3       java.lang.Class::cast (27 bytes)
Event: 0.859 Thread 0x0000026fb40599a0  977       4       java.util.zip.ZipCoder::hash (36 bytes)
Event: 0.859 Thread 0x0000026fb4095130 nmethod 976 0x0000026fa0590410 code [0x0000026fa05905e0, 0x0000026fa0590888]
Event: 0.860 Thread 0x0000026fb4095130  978       3       java.util.concurrent.ConcurrentHashMap$EntryIterator::next (5 bytes)
Event: 0.860 Thread 0x0000026fb4095130 nmethod 978 0x0000026fa0590990 code [0x0000026fa0590b40, 0x0000026fa0590c78]
Event: 0.860 Thread 0x0000026fb4095130  979       3       java.util.concurrent.ConcurrentHashMap$EntryIterator::next (51 bytes)
Event: 0.861 Thread 0x0000026fb4095130 nmethod 979 0x0000026fa0590d10 code [0x0000026fa0590f00, 0x0000026fa05913b8]
Event: 0.862 Thread 0x0000026fb4095130  980       3       jdk.internal.jimage.BasicImageReader::getLocationIndex (52 bytes)
Event: 0.863 Thread 0x0000026fb40599a0 nmethod 977 0x0000026fa7f0ac10 code [0x0000026fa7f0adc0, 0x0000026fa7f0afe8]
Event: 0.863 Thread 0x0000026fb4095130 nmethod 980 0x0000026fa0591590 code [0x0000026fa0591780, 0x0000026fa0591c08]
Event: 0.863 Thread 0x0000026fb4095130  981       3       jdk.internal.jimage.ImageStringsReader::hashCode (8 bytes)
Event: 0.863 Thread 0x0000026fb4095130 nmethod 981 0x0000026fa0591e10 code [0x0000026fa0591fc0, 0x0000026fa0592180]
Event: 0.863 Thread 0x0000026fb40599a0  986  s!   4       jdk.internal.loader.URLClassPath::getLoader (194 bytes)
Event: 0.863 Thread 0x0000026fb4095130  982       3       jdk.internal.module.SystemModuleFinders$SystemModuleReader::find (59 bytes)
Event: 0.864 Thread 0x0000026fb4095130 nmethod 982 0x0000026fa0592290 code [0x0000026fa0592540, 0x0000026fa05930d8]
Event: 0.864 Thread 0x0000026fb4095130  987       3       java.util.HashMap::putVal (300 bytes)
Event: 0.865 Thread 0x0000026fb4095130 nmethod 987 0x0000026fa0593590 code [0x0000026fa0593840, 0x0000026fa0594968]
Event: 0.865 Thread 0x0000026fb4095130  983       3       jdk.internal.module.SystemModuleFinders$SystemModuleReader::containsImageLocation (42 bytes)
Event: 0.866 Thread 0x0000026fb4095130 nmethod 983 0x0000026fa0594e10 code [0x0000026fa0595020, 0x0000026fa05956c0]

GC Heap History (2 events):
Event: 0.771 GC heap before
{Heap before GC invocations=0 (full 0):
 garbage-first heap   total reserved 2066432K, committed 131072K, used 14336K [0x0000000081e00000, 0x0000000100000000)
  region size 1024K, 14 young (14336K), 0 survivors (0K)
 Metaspace       used 4404K, committed 4544K, reserved 1114112K
  class space    used 521K, committed 576K, reserved 1048576K
}
Event: 0.777 GC heap after
{Heap after GC invocations=1 (full 0):
 garbage-first heap   total reserved 2066432K, committed 131072K, used 4309K [0x0000000081e00000, 0x0000000100000000)
  region size 1024K, 2 young (2048K), 2 survivors (2048K)
 Metaspace       used 4404K, committed 4544K, reserved 1114112K
  class space    used 521K, committed 576K, reserved 1048576K
}

Dll operation events (11 events):
Event: 0.016 Loaded shared library C:\Users\Azamat\.jdks\openjdk-22.0.1\bin\java.dll
Event: 0.066 Loaded shared library C:\Users\Azamat\.jdks\openjdk-22.0.1\bin\jsvml.dll
Event: 0.165 Loaded shared library C:\Users\Azamat\.jdks\openjdk-22.0.1\bin\zip.dll
Event: 0.170 Loaded shared library C:\Users\Azamat\.jdks\openjdk-22.0.1\bin\instrument.dll
Event: 0.177 Loaded shared library C:\Users\Azamat\.jdks\openjdk-22.0.1\bin\net.dll
Event: 0.179 Loaded shared library C:\Users\Azamat\.jdks\openjdk-22.0.1\bin\nio.dll
Event: 0.188 Loaded shared library C:\Users\Azamat\.jdks\openjdk-22.0.1\bin\zip.dll
Event: 0.249 Loaded shared library C:\Program Files\JetBrains\IntelliJ IDEA 2023.3.6\bin\breakgen64.dll
Event: 0.254 Loaded shared library C:\Users\Azamat\.jdks\openjdk-22.0.1\bin\jimage.dll
Event: 0.273 Loaded shared library C:\Users\Azamat\.jdks\openjdk-22.0.1\bin\extnet.dll
Event: 0.507 Loaded shared library C:\Users\Azamat\.jdks\openjdk-22.0.1\bin\verify.dll

Deoptimization events (20 events):
Event: 0.631 Thread 0x0000026f95f13410 Uncommon trap: trap_request=0xffffffde fr.pc=0x0000026fa7efb540 relative=0x0000000000000be0
Event: 0.631 Thread 0x0000026f95f13410 Uncommon trap: reason=class_check action=maybe_recompile pc=0x0000026fa7efb540 method=java.util.HashMap.putVal(ILjava/lang/Object;Ljava/lang/Object;ZZ)Ljava/lang/Object; @ 253 c2
Event: 0.631 Thread 0x0000026f95f13410 DEOPT PACKING pc=0x0000026fa7efb540 sp=0x000000b55f5fc450
Event: 0.631 Thread 0x0000026f95f13410 DEOPT UNPACKING pc=0x0000026fa79746a2 sp=0x000000b55f5fc3a8 mode 2
Event: 0.750 Thread 0x0000026f95f13410 DEOPT PACKING pc=0x0000026fa045a743 sp=0x000000b55f5fc350
Event: 0.750 Thread 0x0000026f95f13410 DEOPT UNPACKING pc=0x0000026fa7974e42 sp=0x000000b55f5fb7c8 mode 0
Event: 0.764 Thread 0x0000026f95f13410 Uncommon trap: trap_request=0xffffff45 fr.pc=0x0000026fa7efb500 relative=0x0000000000000ba0
Event: 0.764 Thread 0x0000026f95f13410 Uncommon trap: reason=unstable_if action=reinterpret pc=0x0000026fa7efb500 method=java.util.HashMap.putVal(ILjava/lang/Object;Ljava/lang/Object;ZZ)Ljava/lang/Object; @ 181 c2
Event: 0.764 Thread 0x0000026f95f13410 DEOPT PACKING pc=0x0000026fa7efb500 sp=0x000000b55f5fd6f0
Event: 0.764 Thread 0x0000026f95f13410 DEOPT UNPACKING pc=0x0000026fa79746a2 sp=0x000000b55f5fd648 mode 2
Event: 0.764 Thread 0x0000026f95f13410 Uncommon trap: trap_request=0xffffff45 fr.pc=0x0000026fa7ecd780 relative=0x00000000000008c0
Event: 0.764 Thread 0x0000026f95f13410 Uncommon trap: reason=unstable_if action=reinterpret pc=0x0000026fa7ecd780 method=java.util.HashMap.putVal(ILjava/lang/Object;Ljava/lang/Object;ZZ)Ljava/lang/Object; @ 69 c2
Event: 0.764 Thread 0x0000026f95f13410 DEOPT PACKING pc=0x0000026fa7ecd780 sp=0x000000b55f5fcef0
Event: 0.764 Thread 0x0000026f95f13410 DEOPT UNPACKING pc=0x0000026fa79746a2 sp=0x000000b55f5fced0 mode 2
Event: 0.777 Thread 0x0000026fb404ec60 Uncommon trap: trap_request=0xffffff45 fr.pc=0x0000026fa7eef940 relative=0x0000000000000040
Event: 0.777 Thread 0x0000026fb404ec60 Uncommon trap: reason=unstable_if action=reinterpret pc=0x0000026fa7eef940 method=java.util.concurrent.locks.AbstractQueuedSynchronizer.signalNext(Ljava/util/concurrent/locks/AbstractQueuedSynchronizer$Node;)V @ 1 c2
Event: 0.777 Thread 0x0000026fb404ec60 DEOPT PACKING pc=0x0000026fa7eef940 sp=0x000000b55fdfefb0
Event: 0.777 Thread 0x0000026fb404ec60 DEOPT UNPACKING pc=0x0000026fa79746a2 sp=0x000000b55fdfef40 mode 2
Event: 0.780 Thread 0x0000026f95f13410 DEOPT PACKING pc=0x0000026fa047fb1d sp=0x000000b55f5f7990
Event: 0.781 Thread 0x0000026f95f13410 DEOPT UNPACKING pc=0x0000026fa7974e42 sp=0x000000b55f5f6e98 mode 0

Classes loaded (20 events):
Event: 0.591 Loading class java/lang/reflect/AnnotatedType
Event: 0.591 Loading class java/lang/reflect/AnnotatedType done
Event: 0.596 Loading class java/lang/TypeNotPresentException
Event: 0.596 Loading class java/lang/TypeNotPresentException done
Event: 0.605 Loading class java/lang/IndexOutOfBoundsException
Event: 0.605 Loading class java/lang/IndexOutOfBoundsException done
Event: 0.611 Loading class java/lang/AssertionError
Event: 0.611 Loading class java/lang/AssertionError done
Event: 0.627 Loading class java/lang/reflect/UndeclaredThrowableException
Event: 0.627 Loading class java/lang/reflect/UndeclaredThrowableException done
Event: 0.630 Loading class java/lang/Class$AnnotationData
Event: 0.630 Loading class java/lang/Class$AnnotationData done
Event: 0.630 Loading class java/io/Console
Event: 0.630 Loading class java/io/Console done
Event: 0.630 Loading class java/nio/channels/Channel
Event: 0.631 Loading class java/nio/channels/Channel done
Event: 0.660 Loading class java/util/AbstractList$Itr
Event: 0.660 Loading class java/util/AbstractList$Itr done
Event: 0.725 Loading class java/lang/annotation/ElementType
Event: 0.725 Loading class java/lang/annotation/ElementType done

Classes unloaded (0 events):
No events

Classes redefined (0 events):
No events

Internal exceptions (8 events):
Event: 0.228 Thread 0x0000026f95f13410 Exception <a 'java/lang/NoSuchMethodError'{0x0000000089a87500}: 'void java.lang.invoke.DirectMethodHandle$Holder.invokeStatic(java.lang.Object, java.lang.Object, java.lang.Object)'> (0x0000000089a87500) 
thrown [s\open\src\hotspot\share\interpreter\linkResolver.cpp, line 774]
Event: 0.243 Thread 0x0000026f95f13410 Exception <a 'java/lang/NoSuchMethodError'{0x0000000089a9ef98}: 'java.lang.Object java.lang.invoke.Invokers$Holder.invokeExact_MT(java.lang.Object, java.lang.Object, java.lang.Object, java.lang.Object, java.lang.Object)'> (0x0000000089a9ef98) 
thrown [s\open\src\hotspot\share\interpreter\linkResolver.cpp, line 774]
Event: 0.276 Thread 0x0000026fb44d4b20 Exception <a 'java/lang/NoSuchMethodError'{0x0000000089afb520}: 'void java.lang.invoke.DirectMethodHandle$Holder.invokeStatic(java.lang.Object, java.lang.Object)'> (0x0000000089afb520) 
thrown [s\open\src\hotspot\share\interpreter\linkResolver.cpp, line 774]
Event: 0.319 Thread 0x0000026f95f13410 Exception <a 'java/lang/NoSuchMethodError'{0x00000000898a9f90}: 'java.lang.ClassLoader java.lang.Class.getClassLoader(java.lang.Class)'> (0x00000000898a9f90) 
thrown [s\open\src\hotspot\share\interpreter\linkResolver.cpp, line 774]
Event: 0.322 Thread 0x0000026f95f13410 Exception <a 'java/lang/NoSuchMethodError'{0x00000000898b1fc0}: 'java.lang.Object java.lang.invoke.DirectMethodHandle$Holder.invokeStatic(java.lang.Object, java.lang.Object, int)'> (0x00000000898b1fc0) 
thrown [s\open\src\hotspot\share\interpreter\linkResolver.cpp, line 774]
Event: 0.327 Thread 0x0000026f95f13410 Exception <a 'java/lang/NoSuchMethodError'{0x00000000898bda98}: 'void java.lang.invoke.DelegatingMethodHandle$Holder.delegate(java.lang.Object, java.lang.Object, int, java.lang.Object)'> (0x00000000898bda98) 
thrown [s\open\src\hotspot\share\interpreter\linkResolver.cpp, line 774]
Event: 0.327 Thread 0x0000026f95f13410 Exception <a 'java/lang/NoSuchMethodError'{0x00000000898c1828}: 'int java.lang.invoke.DirectMethodHandle$Holder.invokeSpecial(java.lang.Object, java.lang.Object, java.lang.Object)'> (0x00000000898c1828) 
thrown [s\open\src\hotspot\share\interpreter\linkResolver.cpp, line 774]
Event: 0.746 Thread 0x0000026f95f13410 Exception <a 'java/lang/NoSuchMethodError'{0x0000000089073450}: 'int java.lang.invoke.DirectMethodHandle$Holder.invokeVirtual(java.lang.Object, java.lang.Object)'> (0x0000000089073450) 
thrown [s\open\src\hotspot\share\interpreter\linkResolver.cpp, line 774]

ZGC Phase Switch (0 events):
No events

VM Operations (6 events):
Event: 0.146 Executing VM operation: HandshakeAllThreads (Deoptimize)
Event: 0.146 Executing VM operation: HandshakeAllThreads (Deoptimize) done
Event: 0.771 Executing VM operation: G1CollectForAllocation (G1 Evacuation Pause)
Event: 0.777 Executing VM operation: G1CollectForAllocation (G1 Evacuation Pause) done
Event: 0.837 Executing VM operation: HandshakeAllThreads (Deoptimize)
Event: 0.837 Executing VM operation: HandshakeAllThreads (Deoptimize) done

Events (12 events):
Event: 0.040 Thread 0x0000026f95f13410 Thread added: 0x0000026f95f13410
Event: 0.061 Thread 0x0000026fb404ec60 Thread added: 0x0000026fb404ec60
Event: 0.062 Thread 0x0000026fb40518d0 Thread added: 0x0000026fb40518d0
Event: 0.062 Thread 0x0000026fb4052950 Thread added: 0x0000026fb4052950
Event: 0.062 Thread 0x0000026fb4055740 Thread added: 0x0000026fb4055740
Event: 0.062 Thread 0x0000026fb40561a0 Thread added: 0x0000026fb40561a0
Event: 0.062 Thread 0x0000026fb4056c00 Thread added: 0x0000026fb4056c00
Event: 0.062 Thread 0x0000026fb40599a0 Thread added: 0x0000026fb40599a0
Event: 0.064 Thread 0x0000026fb4095130 Thread added: 0x0000026fb4095130
Event: 0.136 Thread 0x0000026fb423ad40 Thread added: 0x0000026fb423ad40
Event: 0.250 Thread 0x0000026fb44d4b20 Thread added: 0x0000026fb44d4b20
Event: 0.250 Thread 0x0000026fb44d55a0 Thread added: 0x0000026fb44d55a0


Dynamic libraries:
0x00007ff717ac0000 - 0x00007ff717ace000 	C:\Users\Azamat\.jdks\openjdk-22.0.1\bin\java.exe
0x00007ffab8310000 - 0x00007ffab8508000 	C:\WINDOWS\SYSTEM32\ntdll.dll
0x00007ffab7f30000 - 0x00007ffab7fed000 	C:\WINDOWS\System32\KERNEL32.DLL
0x00007ffab5c50000 - 0x00007ffab5f46000 	C:\WINDOWS\System32\KERNELBASE.dll
0x00007ffab5b50000 - 0x00007ffab5c50000 	C:\WINDOWS\System32\ucrtbase.dll
0x00007ffaadc40000 - 0x00007ffaadc57000 	C:\Users\Azamat\.jdks\openjdk-22.0.1\bin\jli.dll
0x00007ffaadc60000 - 0x00007ffaadc7b000 	C:\Users\Azamat\.jdks\openjdk-22.0.1\bin\VCRUNTIME140.dll
0x00007ffab68d0000 - 0x00007ffab6a6f000 	C:\WINDOWS\System32\USER32.dll
0x00007ffab60f0000 - 0x00007ffab6112000 	C:\WINDOWS\System32\win32u.dll
0x00007ffab7be0000 - 0x00007ffab7c0b000 	C:\WINDOWS\System32\GDI32.dll
0x00007ffab4640000 - 0x00007ffab48da000 	C:\WINDOWS\WinSxS\amd64_microsoft.windows.common-controls_6595b64144ccf1df_6.0.19041.3636_none_60b6a03d71f818d5\COMCTL32.dll
0x00007ffab5fa0000 - 0x00007ffab60b7000 	C:\WINDOWS\System32\gdi32full.dll
0x00007ffab7d60000 - 0x00007ffab7dfe000 	C:\WINDOWS\System32\msvcrt.dll
0x00007ffab5a00000 - 0x00007ffab5a9d000 	C:\WINDOWS\System32\msvcp_win.dll
0x00007ffab8260000 - 0x00007ffab8292000 	C:\WINDOWS\System32\IMM32.DLL
0x00007ffaafa80000 - 0x00007ffaafa8c000 	C:\Users\Azamat\.jdks\openjdk-22.0.1\bin\vcruntime140_1.dll
0x00007ffa903c0000 - 0x00007ffa9044e000 	C:\Users\Azamat\.jdks\openjdk-22.0.1\bin\msvcp140.dll
0x00007ffa59190000 - 0x00007ffa59ed7000 	C:\Users\Azamat\.jdks\openjdk-22.0.1\bin\server\jvm.dll
0x00007ffab6780000 - 0x00007ffab6830000 	C:\WINDOWS\System32\ADVAPI32.dll
0x00007ffab6830000 - 0x00007ffab68d0000 	C:\WINDOWS\System32\sechost.dll
0x00007ffab72e0000 - 0x00007ffab7403000 	C:\WINDOWS\System32\RPCRT4.dll
0x00007ffab60c0000 - 0x00007ffab60e7000 	C:\WINDOWS\System32\bcrypt.dll
0x00007ffab7c90000 - 0x00007ffab7cfb000 	C:\WINDOWS\System32\WS2_32.dll
0x00007ffab3e70000 - 0x00007ffab3e97000 	C:\WINDOWS\SYSTEM32\WINMM.dll
0x00007ffab4f20000 - 0x00007ffab4f6b000 	C:\WINDOWS\SYSTEM32\POWRPROF.dll
0x00007ffaa8e20000 - 0x00007ffaa8e2a000 	C:\WINDOWS\SYSTEM32\VERSION.dll
0x00007ffab4d90000 - 0x00007ffab4da2000 	C:\WINDOWS\SYSTEM32\UMPDC.dll
0x00007ffab3740000 - 0x00007ffab3752000 	C:\WINDOWS\SYSTEM32\kernel.appcore.dll
0x00007ffaadc90000 - 0x00007ffaadc9a000 	C:\Users\Azamat\.jdks\openjdk-22.0.1\bin\jimage.dll
0x00007ffab0410000 - 0x00007ffab05f4000 	C:\WINDOWS\SYSTEM32\DBGHELP.DLL
0x00007ffa9bcd0000 - 0x00007ffa9bd04000 	C:\WINDOWS\SYSTEM32\dbgcore.DLL
0x00007ffab6280000 - 0x00007ffab6302000 	C:\WINDOWS\System32\bcryptPrimitives.dll
0x00007ffaac640000 - 0x00007ffaac64f000 	C:\Users\Azamat\.jdks\openjdk-22.0.1\bin\instrument.dll
0x00007ffaac620000 - 0x00007ffaac63e000 	C:\Users\Azamat\.jdks\openjdk-22.0.1\bin\java.dll
0x00007ffab6b70000 - 0x00007ffab72db000 	C:\WINDOWS\System32\SHELL32.dll
0x00007ffab7e00000 - 0x00007ffab7f2b000 	C:\WINDOWS\System32\ole32.dll
0x00007ffab7740000 - 0x00007ffab7a93000 	C:\WINDOWS\System32\combase.dll
0x00007ffab3ea0000 - 0x00007ffab463e000 	C:\WINDOWS\SYSTEM32\windows.storage.dll
0x00007ffab53c0000 - 0x00007ffab53ee000 	C:\WINDOWS\SYSTEM32\Wldp.dll
0x00007ffab7670000 - 0x00007ffab773d000 	C:\WINDOWS\System32\OLEAUT32.dll
0x00007ffab75c0000 - 0x00007ffab766d000 	C:\WINDOWS\System32\SHCORE.dll
0x00007ffab7d00000 - 0x00007ffab7d55000 	C:\WINDOWS\System32\shlwapi.dll
0x00007ffab58c0000 - 0x00007ffab58e3000 	C:\WINDOWS\SYSTEM32\profapi.dll
0x00007ffa88a50000 - 0x00007ffa88b27000 	C:\Users\Azamat\.jdks\openjdk-22.0.1\bin\jsvml.dll
0x00007ffaac600000 - 0x00007ffaac617000 	C:\Users\Azamat\.jdks\openjdk-22.0.1\bin\zip.dll
0x00007ffaac5f0000 - 0x00007ffaac600000 	C:\Users\Azamat\.jdks\openjdk-22.0.1\bin\net.dll
0x00007ffab5120000 - 0x00007ffab518a000 	C:\WINDOWS\system32\mswsock.dll
0x00007ffaac100000 - 0x00007ffaac116000 	C:\Users\Azamat\.jdks\openjdk-22.0.1\bin\nio.dll
0x00007ffaabec0000 - 0x00007ffaabeda000 	C:\Program Files\JetBrains\IntelliJ IDEA 2023.3.6\bin\breakgen64.dll
0x00007ffaac5e0000 - 0x00007ffaac5e9000 	C:\Users\Azamat\.jdks\openjdk-22.0.1\bin\extnet.dll
0x00007ffaac0f0000 - 0x00007ffaac100000 	C:\Users\Azamat\.jdks\openjdk-22.0.1\bin\verify.dll

dbghelp: loaded successfully - version: 4.0.5 - missing functions: none
symbol engine: initialized successfully - sym options: 0x614 - pdb path: .;C:\Users\Azamat\.jdks\openjdk-22.0.1\bin;C:\WINDOWS\SYSTEM32;C:\WINDOWS\WinSxS\amd64_microsoft.windows.common-controls_6595b64144ccf1df_6.0.19041.3636_none_60b6a03d71f818d5;C:\Users\Azamat\.jdks\openjdk-22.0.1\bin\server;C:\Program Files\JetBrains\IntelliJ IDEA 2023.3.6\bin

VM Arguments:
jvm_args: -javaagent:C:\Program Files\JetBrains\IntelliJ IDEA 2023.3.6\lib\idea_rt.jar=52315:C:\Program Files\JetBrains\IntelliJ IDEA 2023.3.6\bin -Dfile.encoding=UTF-8 -Dsun.stdout.encoding=UTF-8 -Dsun.stderr.encoding=UTF-8 
java_command: jm.task.core.jdbc.Main
java_class_path (initial): C:\Users\Azamat\IdeaProjects\PP_1_1.2-3\target\classes;C:\Users\Azamat\.m2\repository\mysql\mysql-connector-java\8.0.25\mysql-connector-java-8.0.25.jar;C:\Users\Azamat\.m2\repository\com\google\protobuf\protobuf-java\3.11.4\protobuf-java-3.11.4.jar;C:\Users\Azamat\.m2\repository\org\hibernate\javax\persistence\hibernate-jpa-2.1-api\1.0.2.Final\hibernate-jpa-2.1-api-1.0.2.Final.jar;C:\Users\Azamat\.m2\repository\org\hibernate\hibernate-core\5.6.3.Final\hibernate-core-5.6.3.Final.jar;C:\Users\Azamat\.m2\repository\org\jboss\logging\jboss-logging\3.4.2.Final\jboss-logging-3.4.2.Final.jar;C:\Users\Azamat\.m2\repository\javax\persistence\javax.persistence-api\2.2\javax.persistence-api-2.2.jar;C:\Users\Azamat\.m2\repository\net\bytebuddy\byte-buddy\1.11.20\byte-buddy-1.11.20.jar;C:\Users\Azamat\.m2\repository\antlr\antlr\2.7.7\antlr-2.7.7.jar;C:\Users\Azamat\.m2\repository\org\jboss\spec\javax\transaction\jboss-transaction-api_1.2_spec\1.1.1.Final\jboss-transaction-api_1.2_spec-1.1.1.Final.jar;C:\Users\Azamat\.m2\repository\org\jboss\jandex\2.2.3.Final\jandex-2.2.3.Final.jar;C:\Users\Azamat\.m2\repository\com\fasterxml\classmate\1.5.1\classmate-1.5.1.jar;C:\Users\Azamat\.m2\repository\javax\activation\javax.activation-api\1.2.0\javax.activation-api-1.2.0.jar;C:\Users\Azamat\.m2\repository\org\hibernate\common\hibernate-commons-annotations\5.1.2.Final\hibernate-commons-annotations-5.1.2.Final.jar;C:\Users\Azamat\.m2\repository\javax\xml\bind\jaxb-api\2.3.1\jaxb-api-2.3.1.jar;C:\Users\Azamat\.m2\repository\org\glassfish\jaxb\jaxb-runtime\2.3.1\jaxb-runtime-2.3.1.jar;C:\Users\Azamat\.m2\repository\org\glassfish\jaxb\txw2\2.3.1\txw2-2.3.1.jar;C:\Users\Azamat\.m2\repository\com\sun\istack\istack-commons-runtime\3.0.7\istack-commons-runtime-3.0.7.jar;C:\Users\Azamat\.m2\repository\org\jvnet\staxex\stax-ex\1.8\stax-ex-1.8.jar;C:\Users\Azamat\.m2\repository\com\sun\xml\fastinfoset\FastInfoset\1.2.15\FastInfoset-1.2.15.jar
Launcher Type: SUN_STANDARD

[Global flags]
     intx CICompilerCount                          = 3                                         {product} {ergonomic}
     uint ConcGCThreads                            = 1                                         {product} {ergonomic}
     uint G1ConcRefinementThreads                  = 4                                         {product} {ergonomic}
   size_t G1HeapRegionSize                         = 1048576                                   {product} {ergonomic}
   size_t InitialHeapSize                          = 134217728                                 {product} {ergonomic}
   size_t MarkStackSize                            = 4194304                                   {product} {ergonomic}
   size_t MaxHeapSize                              = 2116026368                                {product} {ergonomic}
   size_t MaxNewSize                               = 1268776960                                {product} {ergonomic}
   size_t MinHeapDeltaBytes                        = 1048576                                   {product} {ergonomic}
   size_t MinHeapSize                              = 8388608                                   {product} {ergonomic}
    uintx NonNMethodCodeHeapSize                   = 5832780                                {pd product} {ergonomic}
    uintx NonProfiledCodeHeapSize                  = 122912730                              {pd product} {ergonomic}
    uintx ProfiledCodeHeapSize                     = 122912730                              {pd product} {ergonomic}
    uintx ReservedCodeCacheSize                    = 251658240                              {pd product} {ergonomic}
     bool SegmentedCodeCache                       = true                                      {product} {ergonomic}
   size_t SoftMaxHeapSize                          = 2116026368                             {manageable} {ergonomic}
     bool UseCompressedOops                        = true                           {product lp64_product} {ergonomic}
     bool UseG1GC                                  = true                                      {product} {ergonomic}
     bool UseLargePagesIndividualAllocation        = false                                  {pd product} {ergonomic}

Logging:
Log output configuration:
 #0: stdout all=warning uptime,level,tags foldmultilines=false
 #1: stderr all=off uptime,level,tags foldmultilines=false

Environment Variables:
JAVA_HOME=C:\Java\JDK-17
PATH=C:\WINDOWS\system32;C:\WINDOWS;C:\WINDOWS\System32\Wbem;C:\WINDOWS\System32\WindowsPowerShell\v1.0\;C:\WINDOWS\System32\OpenSSH\;C:\Program Files\wget;C:\Program Files (x86)\Windows Live\Shared;C:\Program Files\wget;C:\Program Files (x86)\dotnet\;C:\Java\JDK-17\bin;C:\Program Files\Git\cmd;C:\Program Files\apache-maven-3.9.6\bin;C:\Program Files\MySQL\MySQL Shell 8.0\bin\;C:\Users\Azamat\AppData\Local\Microsoft\WindowsApps;C:\Users\Azamat\AppData\Local\GitHubDesktop\bin;C:\Program Files\JetBrains\IntelliJ IDEA Community Edition 2023.3.2\bin;;C:\Program Files\Git;C:\Program Files\apache-maven-3.9.6\bin;;C:\Program Files\JetBrains\IntelliJ IDEA 2023.3.6\bin;
USERNAME=Azamat
OS=Windows_NT
PROCESSOR_IDENTIFIER=Intel64 Family 6 Model 142 Stepping 9, GenuineIntel
TMP=C:\Users\Azamat\AppData\Local\Temp
TEMP=C:\Users\Azamat\AppData\Local\Temp




Periodic native trim disabled

---------------  S Y S T E M  ---------------

OS:
 Windows 10 , 64 bit Build 19041 (10.0.19041.3636)
OS uptime: 4 days 6:33 hours

CPU: total 4 (initial active 4) (2 cores per cpu, 2 threads per core) family 6 model 142 stepping 9 microcode 0xb4, cx8, cmov, fxsr, ht, mmx, 3dnowpref, sse, sse2, sse3, ssse3, sse4.1, sse4.2, popcnt, lzcnt, tsc, tscinvbit, avx, avx2, aes, erms, clmul, bmi1, bmi2, adx, fma, vzeroupper, clflush, clflushopt, rdtscp, f16c
Processor Information for all 4 processors :
  Max Mhz: 2712, Current Mhz: 2511, Mhz Limit: 2495

Memory: 4k page, system-wide physical 8067M (882M free)
TotalPageFile size 10067M (AvailPageFile size 2M)
current process WorkingSet (physical memory assigned to process): 71M, peak: 71M
current process commit charge ("private bytes"): 215M, peak: 215M

vm_info: OpenJDK 64-Bit Server VM (22.0.1+8-16) for windows-amd64 JRE (22.0.1+8-16), built on 2024-03-12T10:33:16Z by "mach5one" with MS VC++ 17.6 (VS2022)

END.
