#
# There is insufficient memory for the Java Runtime Environment to continue.
# Native memory allocation (malloc) failed to allocate 32744 bytes. Error detail: Chunk::new
# Possible reasons:
#   The system is out of physical RAM or swap space
#   This process is running with CompressedOops enabled, and the Java Heap may be blocking the growth of the native heap
# Possible solutions:
#   Reduce memory load on the system
#   Increase physical memory or swap space
#   Check if swap backing store is full
#   Decrease Java heap size (-Xmx/-Xms)
#   Decrease number of Java threads
#   Decrease Java thread stack sizes (-Xss)
#   Set larger code cache with -XX:ReservedCodeCacheSize=
#   JVM is running with Unscaled Compressed Oops mode in which the Java heap is
#     placed in the first 4GB address space. The Java Heap base address is the
#     maximum limit for the native heap growth. Please use -XX:HeapBaseMinAddress
#     to set the Java Heap base and to place the Java Heap above 4GB virtual address.
# This output file may be truncated or incomplete.
#
#  Out of Memory Error (arena.cpp:150), pid=3788, tid=336
#
# JRE version: OpenJDK Runtime Environment (22.0.1+8) (build 22.0.1+8-16)
# Java VM: OpenJDK 64-Bit Server VM (22.0.1+8-16, mixed mode, sharing, tiered, compressed oops, compressed class ptrs, g1 gc, windows-amd64)
# No core dump will be written. Minidumps are not enabled by default on client versions of Windows
#

---------------  S U M M A R Y ------------

Command Line: -ea -Didea.test.cyclic.buffer.size=1048576 -javaagent:C:\Program Files\JetBrains\IntelliJ IDEA 2023.3.6\lib\idea_rt.jar=52388:C:\Program Files\JetBrains\IntelliJ IDEA 2023.3.6\bin -Dfile.encoding=UTF-8 -Dsun.stdout.encoding=UTF-8 -Dsun.stderr.encoding=UTF-8 com.intellij.rt.junit.JUnitStarter -ideVersion5 -junit4 UserServiceTest

Host: Intel(R) Core(TM) i5-7200U CPU @ 2.50GHz, 4 cores, 7G,  Windows 10 , 64 bit Build 19041 (10.0.19041.3636)
Time: Thu Apr 25 19:43:54 2024 RTZ 4 (s 10 , 64 bit Build 19041 (10.0.19041.3636) elapsed time: 2.131472 seconds (0d 0h 0m 2s)

---------------  T H R E A D  ---------------

Current thread (0x000001caa2cce5d0):  JavaThread "C2 CompilerThread0" daemon [_thread_in_native, id=336, stack(0x000000b35fc00000,0x000000b35fd00000) (1024K)]


Current CompileTask:
C2:2131 1612       4       sun.security.ec.point.ProjectivePoint$Mutable::conditionalSet (53 bytes)

Stack: [0x000000b35fc00000,0x000000b35fd00000]
Native frames: (J=compiled Java code, j=interpreted, Vv=VM code, C=native code)
V  [jvm.dll+0x6e2279]  (no source info available)
V  [jvm.dll+0x874e33]  (no source info available)
V  [jvm.dll+0x87725e]  (no source info available)
V  [jvm.dll+0x877933]  (no source info available)
V  [jvm.dll+0x27fd76]  (no source info available)
V  [jvm.dll+0xc3d0f]  (no source info available)
V  [jvm.dll+0xc3f6b]  (no source info available)
V  [jvm.dll+0x1dec90]  (no source info available)
V  [jvm.dll+0x72d0ca]  (no source info available)
V  [jvm.dll+0x1df771]  (no source info available)
V  [jvm.dll+0x247a5c]  (no source info available)
V  [jvm.dll+0x246fbf]  (no source info available)
V  [jvm.dll+0x1c4e90]  (no source info available)
V  [jvm.dll+0x2569fe]  (no source info available)
V  [jvm.dll+0x254cba]  (no source info available)
V  [jvm.dll+0x3f5336]  (no source info available)
V  [jvm.dll+0x81d44b]  (no source info available)
V  [jvm.dll+0x6e0915]  (no source info available)
C  [ucrtbase.dll+0x21bb2]  (no source info available)
C  [KERNEL32.DLL+0x17344]  (no source info available)
C  [ntdll.dll+0x526b1]  (no source info available)


---------------  P R O C E S S  ---------------

Threads class SMR info:
_java_thread_list=0x000001cae8dc6c40, length=14, elements={
0x000001ca84c95bd0, 0x000001caa2cbb810, 0x000001caa2cbd080, 0x000001caa2cbff20,
0x000001caa2cc2c40, 0x000001caa2cc3e40, 0x000001caa2ccacd0, 0x000001caa2cce5d0,
0x000001caa2cd1840, 0x000001cae80a6270, 0x000001cae81f5ee0, 0x000001cae82294c0,
0x000001cae8c81fd0, 0x000001cae8e5db50
}

Java Threads: ( => current thread )
  0x000001ca84c95bd0 JavaThread "main"                              [_thread_in_vm, id=3880, stack(0x000000b35ee00000,0x000000b35ef00000) (1024K)]
  0x000001caa2cbb810 JavaThread "Reference Handler"          daemon [_thread_blocked, id=12976, stack(0x000000b35f600000,0x000000b35f700000) (1024K)]
  0x000001caa2cbd080 JavaThread "Finalizer"                  daemon [_thread_blocked, id=15108, stack(0x000000b35f700000,0x000000b35f800000) (1024K)]
  0x000001caa2cbff20 JavaThread "Signal Dispatcher"          daemon [_thread_blocked, id=10752, stack(0x000000b35f800000,0x000000b35f900000) (1024K)]
  0x000001caa2cc2c40 JavaThread "Attach Listener"            daemon [_thread_blocked, id=12656, stack(0x000000b35f900000,0x000000b35fa00000) (1024K)]
  0x000001caa2cc3e40 JavaThread "Service Thread"             daemon [_thread_blocked, id=13032, stack(0x000000b35fa00000,0x000000b35fb00000) (1024K)]
  0x000001caa2ccacd0 JavaThread "Monitor Deflation Thread"   daemon [_thread_blocked, id=11928, stack(0x000000b35fb00000,0x000000b35fc00000) (1024K)]
=>0x000001caa2cce5d0 JavaThread "C2 CompilerThread0"         daemon [_thread_in_native, id=336, stack(0x000000b35fc00000,0x000000b35fd00000) (1024K)]
  0x000001caa2cd1840 JavaThread "C1 CompilerThread0"         daemon [_thread_blocked, id=12992, stack(0x000000b35fd00000,0x000000b35fe00000) (1024K)]
  0x000001cae80a6270 JavaThread "Common-Cleaner"             daemon [_thread_blocked, id=8008, stack(0x000000b35fe00000,0x000000b35ff00000) (1024K)]
  0x000001cae81f5ee0 JavaThread "Monitor Ctrl-Break"         daemon [_thread_in_native, id=12024, stack(0x000000b35ff00000,0x000000b360000000) (1024K)]
  0x000001cae82294c0 JavaThread "Notification Thread"        daemon [_thread_blocked, id=4456, stack(0x000000b360000000,0x000000b360100000) (1024K)]
  0x000001cae8c81fd0 JavaThread "mysql-cj-abandoned-connection-cleanup" daemon [_thread_blocked, id=8744, stack(0x000000b360400000,0x000000b360500000) (1024K)]
  0x000001cae8e5db50 JavaThread "C2 CompilerThread1"         daemon [_thread_in_native, id=10656, stack(0x000000b360500000,0x000000b360600000) (1024K)]
Total: 14

Other Threads:
  0x000001caa2c9b570 VMThread "VM Thread"                           [id=2856, stack(0x000000b35f500000,0x000000b35f600000) (1024K)]
  0x000001caa2c849c0 WatcherThread "VM Periodic Task Thread"        [id=7064, stack(0x000000b35f400000,0x000000b35f500000) (1024K)]
  0x000001ca84e068f0 WorkerThread "GC Thread#0"                     [id=4276, stack(0x000000b35ef00000,0x000000b35f000000) (1024K)]
  0x000001cae85cd9a0 WorkerThread "GC Thread#1"                     [id=7612, stack(0x000000b360100000,0x000000b360200000) (1024K)]
  0x000001cae85cdd50 WorkerThread "GC Thread#2"                     [id=14608, stack(0x000000b360200000,0x000000b360300000) (1024K)]
  0x000001cae8a4d5a0 WorkerThread "GC Thread#3"                     [id=11844, stack(0x000000b360300000,0x000000b360400000) (1024K)]
  0x000001ca84e18530 ConcurrentGCThread "G1 Main Marker"            [id=10960, stack(0x000000b35f000000,0x000000b35f100000) (1024K)]
  0x000001ca84e19990 WorkerThread "G1 Conc#0"                       [id=4272, stack(0x000000b35f100000,0x000000b35f200000) (1024K)]
  0x000001caa2b464e0 ConcurrentGCThread "G1 Refine#0"               [id=8208, stack(0x000000b35f200000,0x000000b35f300000) (1024K)]
  0x000001caa2b498d0 ConcurrentGCThread "G1 Service"                [id=10444, stack(0x000000b35f300000,0x000000b35f400000) (1024K)]
Total: 10

Threads with active compile tasks:
C2 CompilerThread0  2269 1612       4       sun.security.ec.point.ProjectivePoint$Mutable::conditionalSet (53 bytes)
C2 CompilerThread1  2269 1620       4       sun.security.ec.ECOperations::setDouble (463 bytes)
Total: 2

VM state: not at safepoint (normal execution)

VM Mutex/Monitor currently owned by a thread: None

Heap address: 0x0000000081e00000, size: 2018 MB, Compressed Oops mode: 32-bit

CDS archive(s) mapped at: [0x000001caa3000000-0x000001caa3c50000-0x000001caa3c50000), size 12910592, SharedBaseAddress: 0x000001caa3000000, ArchiveRelocationMode: 1.
Compressed class space mapped at: 0x000001caa4000000-0x000001cae4000000, reserved size: 1073741824
Narrow klass base: 0x000001caa3000000, Narrow klass shift: 0, Narrow klass range: 0x41000000

GC Precious Log:
 CardTable entry size: 512
 Card Set container configuration: InlinePtr #cards 5 size 8 Array Of Cards #cards 12 size 40 Howl #buckets 4 coarsen threshold 1843 Howl Bitmap #cards 512 size 80 coarsen threshold 460 Card regions per heap region 1 cards per card region 2048
 CPUs: 4 total, 4 available
 Memory: 8067M
 Large Page Support: Disabled
 NUMA Support: Disabled
 Compressed Oops: Enabled (32-bit)
 Heap Region Size: 1M
 Heap Min Capacity: 8M
 Heap Initial Capacity: 128M
 Heap Max Capacity: 2018M
 Pre-touch: Disabled
 Parallel Workers: 4
 Concurrent Workers: 1
 Concurrent Refinement Workers: 4
 Periodic GC: Disabled

Heap:
 garbage-first heap   total reserved 2066432K, committed 131072K, used 11791K [0x0000000081e00000, 0x0000000100000000)
  region size 1024K, 8 young (8192K), 2 survivors (2048K)
 Metaspace       used 15435K, committed 15680K, reserved 1114112K
  class space    used 1951K, committed 2048K, reserved 1048576K

Heap Regions: E=young(eden), S=young(survivor), O=old, HS=humongous(starts), HC=humongous(continues), CS=collection set, F=free, TAMS=top-at-mark-start, PB=parsable bottom
|   0|0x0000000081e00000, 0x0000000081f00000, 0x0000000081f00000|100%|HS|  |TAMS 0x0000000081e00000| PB 0x0000000081e00000| Complete |  0
|   1|0x0000000081f00000, 0x0000000082000000, 0x0000000082000000|100%| O|  |TAMS 0x0000000081f00000| PB 0x0000000081f00000| Untracked |  0
|   2|0x0000000082000000, 0x0000000082100000, 0x0000000082100000|100%| O|  |TAMS 0x0000000082000000| PB 0x0000000082000000| Untracked |  0
|   3|0x0000000082100000, 0x0000000082200000, 0x0000000082200000|100%| O|  |TAMS 0x0000000082100000| PB 0x0000000082100000| Untracked |  0
|   4|0x0000000082200000, 0x000000008228a940, 0x0000000082300000| 54%| O|  |TAMS 0x0000000082200000| PB 0x0000000082200000| Untracked |  0
|   5|0x0000000082300000, 0x0000000082300000, 0x0000000082400000|  0%| F|  |TAMS 0x0000000082300000| PB 0x0000000082300000| Untracked |  0
|   6|0x0000000082400000, 0x0000000082400000, 0x0000000082500000|  0%| F|  |TAMS 0x0000000082400000| PB 0x0000000082400000| Untracked |  0
|   7|0x0000000082500000, 0x0000000082500000, 0x0000000082600000|  0%| F|  |TAMS 0x0000000082500000| PB 0x0000000082500000| Untracked |  0
|   8|0x0000000082600000, 0x0000000082600000, 0x0000000082700000|  0%| F|  |TAMS 0x0000000082600000| PB 0x0000000082600000| Untracked |  0
|   9|0x0000000082700000, 0x0000000082700000, 0x0000000082800000|  0%| F|  |TAMS 0x0000000082700000| PB 0x0000000082700000| Untracked |  0
|  10|0x0000000082800000, 0x0000000082800000, 0x0000000082900000|  0%| F|  |TAMS 0x0000000082800000| PB 0x0000000082800000| Untracked |  0
|  11|0x0000000082900000, 0x0000000082900000, 0x0000000082a00000|  0%| F|  |TAMS 0x0000000082900000| PB 0x0000000082900000| Untracked |  0
|  12|0x0000000082a00000, 0x0000000082a00000, 0x0000000082b00000|  0%| F|  |TAMS 0x0000000082a00000| PB 0x0000000082a00000| Untracked |  0
|  13|0x0000000082b00000, 0x0000000082b00000, 0x0000000082c00000|  0%| F|  |TAMS 0x0000000082b00000| PB 0x0000000082b00000| Untracked |  0
|  14|0x0000000082c00000, 0x0000000082c00000, 0x0000000082d00000|  0%| F|  |TAMS 0x0000000082c00000| PB 0x0000000082c00000| Untracked |  0
|  15|0x0000000082d00000, 0x0000000082d00000, 0x0000000082e00000|  0%| F|  |TAMS 0x0000000082d00000| PB 0x0000000082d00000| Untracked |  0
|  16|0x0000000082e00000, 0x0000000082e00000, 0x0000000082f00000|  0%| F|  |TAMS 0x0000000082e00000| PB 0x0000000082e00000| Untracked |  0
|  17|0x0000000082f00000, 0x0000000082f00000, 0x0000000083000000|  0%| F|  |TAMS 0x0000000082f00000| PB 0x0000000082f00000| Untracked |  0
|  18|0x0000000083000000, 0x0000000083000000, 0x0000000083100000|  0%| F|  |TAMS 0x0000000083000000| PB 0x0000000083000000| Untracked |  0
|  19|0x0000000083100000, 0x0000000083100000, 0x0000000083200000|  0%| F|  |TAMS 0x0000000083100000| PB 0x0000000083100000| Untracked |  0
|  20|0x0000000083200000, 0x0000000083200000, 0x0000000083300000|  0%| F|  |TAMS 0x0000000083200000| PB 0x0000000083200000| Untracked |  0
|  21|0x0000000083300000, 0x0000000083300000, 0x0000000083400000|  0%| F|  |TAMS 0x0000000083300000| PB 0x0000000083300000| Untracked |  0
|  22|0x0000000083400000, 0x0000000083400000, 0x0000000083500000|  0%| F|  |TAMS 0x0000000083400000| PB 0x0000000083400000| Untracked |  0
|  23|0x0000000083500000, 0x0000000083500000, 0x0000000083600000|  0%| F|  |TAMS 0x0000000083500000| PB 0x0000000083500000| Untracked |  0
|  24|0x0000000083600000, 0x0000000083600000, 0x0000000083700000|  0%| F|  |TAMS 0x0000000083600000| PB 0x0000000083600000| Untracked |  0
|  25|0x0000000083700000, 0x0000000083700000, 0x0000000083800000|  0%| F|  |TAMS 0x0000000083700000| PB 0x0000000083700000| Untracked |  0
|  26|0x0000000083800000, 0x0000000083800000, 0x0000000083900000|  0%| F|  |TAMS 0x0000000083800000| PB 0x0000000083800000| Untracked |  0
|  27|0x0000000083900000, 0x0000000083900000, 0x0000000083a00000|  0%| F|  |TAMS 0x0000000083900000| PB 0x0000000083900000| Untracked |  0
|  28|0x0000000083a00000, 0x0000000083a00000, 0x0000000083b00000|  0%| F|  |TAMS 0x0000000083a00000| PB 0x0000000083a00000| Untracked |  0
|  29|0x0000000083b00000, 0x0000000083b00000, 0x0000000083c00000|  0%| F|  |TAMS 0x0000000083b00000| PB 0x0000000083b00000| Untracked |  0
|  30|0x0000000083c00000, 0x0000000083c00000, 0x0000000083d00000|  0%| F|  |TAMS 0x0000000083c00000| PB 0x0000000083c00000| Untracked |  0
|  31|0x0000000083d00000, 0x0000000083d00000, 0x0000000083e00000|  0%| F|  |TAMS 0x0000000083d00000| PB 0x0000000083d00000| Untracked |  0
|  32|0x0000000083e00000, 0x0000000083e00000, 0x0000000083f00000|  0%| F|  |TAMS 0x0000000083e00000| PB 0x0000000083e00000| Untracked |  0
|  33|0x0000000083f00000, 0x0000000083f00000, 0x0000000084000000|  0%| F|  |TAMS 0x0000000083f00000| PB 0x0000000083f00000| Untracked |  0
|  34|0x0000000084000000, 0x0000000084000000, 0x0000000084100000|  0%| F|  |TAMS 0x0000000084000000| PB 0x0000000084000000| Untracked |  0
|  35|0x0000000084100000, 0x0000000084100000, 0x0000000084200000|  0%| F|  |TAMS 0x0000000084100000| PB 0x0000000084100000| Untracked |  0
|  36|0x0000000084200000, 0x0000000084200000, 0x0000000084300000|  0%| F|  |TAMS 0x0000000084200000| PB 0x0000000084200000| Untracked |  0
|  37|0x0000000084300000, 0x0000000084300000, 0x0000000084400000|  0%| F|  |TAMS 0x0000000084300000| PB 0x0000000084300000| Untracked |  0
|  38|0x0000000084400000, 0x0000000084400000, 0x0000000084500000|  0%| F|  |TAMS 0x0000000084400000| PB 0x0000000084400000| Untracked |  0
|  39|0x0000000084500000, 0x0000000084500000, 0x0000000084600000|  0%| F|  |TAMS 0x0000000084500000| PB 0x0000000084500000| Untracked |  0
|  40|0x0000000084600000, 0x0000000084600000, 0x0000000084700000|  0%| F|  |TAMS 0x0000000084600000| PB 0x0000000084600000| Untracked |  0
|  41|0x0000000084700000, 0x0000000084700000, 0x0000000084800000|  0%| F|  |TAMS 0x0000000084700000| PB 0x0000000084700000| Untracked |  0
|  42|0x0000000084800000, 0x0000000084800000, 0x0000000084900000|  0%| F|  |TAMS 0x0000000084800000| PB 0x0000000084800000| Untracked |  0
|  43|0x0000000084900000, 0x0000000084900000, 0x0000000084a00000|  0%| F|  |TAMS 0x0000000084900000| PB 0x0000000084900000| Untracked |  0
|  44|0x0000000084a00000, 0x0000000084a00000, 0x0000000084b00000|  0%| F|  |TAMS 0x0000000084a00000| PB 0x0000000084a00000| Untracked |  0
|  45|0x0000000084b00000, 0x0000000084b00000, 0x0000000084c00000|  0%| F|  |TAMS 0x0000000084b00000| PB 0x0000000084b00000| Untracked |  0
|  46|0x0000000084c00000, 0x0000000084c00000, 0x0000000084d00000|  0%| F|  |TAMS 0x0000000084c00000| PB 0x0000000084c00000| Untracked |  0
|  47|0x0000000084d00000, 0x0000000084d00000, 0x0000000084e00000|  0%| F|  |TAMS 0x0000000084d00000| PB 0x0000000084d00000| Untracked |  0
|  48|0x0000000084e00000, 0x0000000084e00000, 0x0000000084f00000|  0%| F|  |TAMS 0x0000000084e00000| PB 0x0000000084e00000| Untracked |  0
|  49|0x0000000084f00000, 0x0000000084f00000, 0x0000000085000000|  0%| F|  |TAMS 0x0000000084f00000| PB 0x0000000084f00000| Untracked |  0
|  50|0x0000000085000000, 0x0000000085000000, 0x0000000085100000|  0%| F|  |TAMS 0x0000000085000000| PB 0x0000000085000000| Untracked |  0
|  51|0x0000000085100000, 0x0000000085100000, 0x0000000085200000|  0%| F|  |TAMS 0x0000000085100000| PB 0x0000000085100000| Untracked |  0
|  52|0x0000000085200000, 0x0000000085200000, 0x0000000085300000|  0%| F|  |TAMS 0x0000000085200000| PB 0x0000000085200000| Untracked |  0
|  53|0x0000000085300000, 0x0000000085300000, 0x0000000085400000|  0%| F|  |TAMS 0x0000000085300000| PB 0x0000000085300000| Untracked |  0
|  54|0x0000000085400000, 0x0000000085400000, 0x0000000085500000|  0%| F|  |TAMS 0x0000000085400000| PB 0x0000000085400000| Untracked |  0
|  55|0x0000000085500000, 0x0000000085500000, 0x0000000085600000|  0%| F|  |TAMS 0x0000000085500000| PB 0x0000000085500000| Untracked |  0
|  56|0x0000000085600000, 0x0000000085600000, 0x0000000085700000|  0%| F|  |TAMS 0x0000000085600000| PB 0x0000000085600000| Untracked |  0
|  57|0x0000000085700000, 0x0000000085700000, 0x0000000085800000|  0%| F|  |TAMS 0x0000000085700000| PB 0x0000000085700000| Untracked |  0
|  58|0x0000000085800000, 0x0000000085800000, 0x0000000085900000|  0%| F|  |TAMS 0x0000000085800000| PB 0x0000000085800000| Untracked |  0
|  59|0x0000000085900000, 0x0000000085900000, 0x0000000085a00000|  0%| F|  |TAMS 0x0000000085900000| PB 0x0000000085900000| Untracked |  0
|  60|0x0000000085a00000, 0x0000000085a00000, 0x0000000085b00000|  0%| F|  |TAMS 0x0000000085a00000| PB 0x0000000085a00000| Untracked |  0
|  61|0x0000000085b00000, 0x0000000085b00000, 0x0000000085c00000|  0%| F|  |TAMS 0x0000000085b00000| PB 0x0000000085b00000| Untracked |  0
|  62|0x0000000085c00000, 0x0000000085c00000, 0x0000000085d00000|  0%| F|  |TAMS 0x0000000085c00000| PB 0x0000000085c00000| Untracked |  0
|  63|0x0000000085d00000, 0x0000000085d00000, 0x0000000085e00000|  0%| F|  |TAMS 0x0000000085d00000| PB 0x0000000085d00000| Untracked |  0
|  64|0x0000000085e00000, 0x0000000085e00000, 0x0000000085f00000|  0%| F|  |TAMS 0x0000000085e00000| PB 0x0000000085e00000| Untracked |  0
|  65|0x0000000085f00000, 0x0000000085f00000, 0x0000000086000000|  0%| F|  |TAMS 0x0000000085f00000| PB 0x0000000085f00000| Untracked |  0
|  66|0x0000000086000000, 0x0000000086000000, 0x0000000086100000|  0%| F|  |TAMS 0x0000000086000000| PB 0x0000000086000000| Untracked |  0
|  67|0x0000000086100000, 0x0000000086100000, 0x0000000086200000|  0%| F|  |TAMS 0x0000000086100000| PB 0x0000000086100000| Untracked |  0
|  68|0x0000000086200000, 0x0000000086200000, 0x0000000086300000|  0%| F|  |TAMS 0x0000000086200000| PB 0x0000000086200000| Untracked |  0
|  69|0x0000000086300000, 0x0000000086300000, 0x0000000086400000|  0%| F|  |TAMS 0x0000000086300000| PB 0x0000000086300000| Untracked |  0
|  70|0x0000000086400000, 0x0000000086400000, 0x0000000086500000|  0%| F|  |TAMS 0x0000000086400000| PB 0x0000000086400000| Untracked |  0
|  71|0x0000000086500000, 0x0000000086500000, 0x0000000086600000|  0%| F|  |TAMS 0x0000000086500000| PB 0x0000000086500000| Untracked |  0
|  72|0x0000000086600000, 0x0000000086600000, 0x0000000086700000|  0%| F|  |TAMS 0x0000000086600000| PB 0x0000000086600000| Untracked |  0
|  73|0x0000000086700000, 0x0000000086700000, 0x0000000086800000|  0%| F|  |TAMS 0x0000000086700000| PB 0x0000000086700000| Untracked |  0
|  74|0x0000000086800000, 0x0000000086800000, 0x0000000086900000|  0%| F|  |TAMS 0x0000000086800000| PB 0x0000000086800000| Untracked |  0
|  75|0x0000000086900000, 0x0000000086900000, 0x0000000086a00000|  0%| F|  |TAMS 0x0000000086900000| PB 0x0000000086900000| Untracked |  0
|  76|0x0000000086a00000, 0x0000000086a00000, 0x0000000086b00000|  0%| F|  |TAMS 0x0000000086a00000| PB 0x0000000086a00000| Untracked |  0
|  77|0x0000000086b00000, 0x0000000086b00000, 0x0000000086c00000|  0%| F|  |TAMS 0x0000000086b00000| PB 0x0000000086b00000| Untracked |  0
|  78|0x0000000086c00000, 0x0000000086c00000, 0x0000000086d00000|  0%| F|  |TAMS 0x0000000086c00000| PB 0x0000000086c00000| Untracked |  0
|  79|0x0000000086d00000, 0x0000000086d00000, 0x0000000086e00000|  0%| F|  |TAMS 0x0000000086d00000| PB 0x0000000086d00000| Untracked |  0
|  80|0x0000000086e00000, 0x0000000086e00000, 0x0000000086f00000|  0%| F|  |TAMS 0x0000000086e00000| PB 0x0000000086e00000| Untracked |  0
|  81|0x0000000086f00000, 0x0000000086f00000, 0x0000000087000000|  0%| F|  |TAMS 0x0000000086f00000| PB 0x0000000086f00000| Untracked |  0
|  82|0x0000000087000000, 0x0000000087000000, 0x0000000087100000|  0%| F|  |TAMS 0x0000000087000000| PB 0x0000000087000000| Untracked |  0
|  83|0x0000000087100000, 0x0000000087100000, 0x0000000087200000|  0%| F|  |TAMS 0x0000000087100000| PB 0x0000000087100000| Untracked |  0
|  84|0x0000000087200000, 0x0000000087200000, 0x0000000087300000|  0%| F|  |TAMS 0x0000000087200000| PB 0x0000000087200000| Untracked |  0
|  85|0x0000000087300000, 0x0000000087300000, 0x0000000087400000|  0%| F|  |TAMS 0x0000000087300000| PB 0x0000000087300000| Untracked |  0
|  86|0x0000000087400000, 0x0000000087400000, 0x0000000087500000|  0%| F|  |TAMS 0x0000000087400000| PB 0x0000000087400000| Untracked |  0
|  87|0x0000000087500000, 0x0000000087500000, 0x0000000087600000|  0%| F|  |TAMS 0x0000000087500000| PB 0x0000000087500000| Untracked |  0
|  88|0x0000000087600000, 0x0000000087600000, 0x0000000087700000|  0%| F|  |TAMS 0x0000000087600000| PB 0x0000000087600000| Untracked |  0
|  89|0x0000000087700000, 0x0000000087700000, 0x0000000087800000|  0%| F|  |TAMS 0x0000000087700000| PB 0x0000000087700000| Untracked |  0
|  90|0x0000000087800000, 0x0000000087800000, 0x0000000087900000|  0%| F|  |TAMS 0x0000000087800000| PB 0x0000000087800000| Untracked |  0
|  91|0x0000000087900000, 0x0000000087900000, 0x0000000087a00000|  0%| F|  |TAMS 0x0000000087900000| PB 0x0000000087900000| Untracked |  0
|  92|0x0000000087a00000, 0x0000000087a00000, 0x0000000087b00000|  0%| F|  |TAMS 0x0000000087a00000| PB 0x0000000087a00000| Untracked |  0
|  93|0x0000000087b00000, 0x0000000087b00000, 0x0000000087c00000|  0%| F|  |TAMS 0x0000000087b00000| PB 0x0000000087b00000| Untracked |  0
|  94|0x0000000087c00000, 0x0000000087c00000, 0x0000000087d00000|  0%| F|  |TAMS 0x0000000087c00000| PB 0x0000000087c00000| Untracked |  0
|  95|0x0000000087d00000, 0x0000000087d00000, 0x0000000087e00000|  0%| F|  |TAMS 0x0000000087d00000| PB 0x0000000087d00000| Untracked |  0
|  96|0x0000000087e00000, 0x0000000087e00000, 0x0000000087f00000|  0%| F|  |TAMS 0x0000000087e00000| PB 0x0000000087e00000| Untracked |  0
|  97|0x0000000087f00000, 0x0000000087f00000, 0x0000000088000000|  0%| F|  |TAMS 0x0000000087f00000| PB 0x0000000087f00000| Untracked |  0
|  98|0x0000000088000000, 0x0000000088000000, 0x0000000088100000|  0%| F|  |TAMS 0x0000000088000000| PB 0x0000000088000000| Untracked |  0
|  99|0x0000000088100000, 0x0000000088100000, 0x0000000088200000|  0%| F|  |TAMS 0x0000000088100000| PB 0x0000000088100000| Untracked |  0
| 100|0x0000000088200000, 0x0000000088200000, 0x0000000088300000|  0%| F|  |TAMS 0x0000000088200000| PB 0x0000000088200000| Untracked |  0
| 101|0x0000000088300000, 0x0000000088300000, 0x0000000088400000|  0%| F|  |TAMS 0x0000000088300000| PB 0x0000000088300000| Untracked |  0
| 102|0x0000000088400000, 0x0000000088400000, 0x0000000088500000|  0%| F|  |TAMS 0x0000000088400000| PB 0x0000000088400000| Untracked |  0
| 103|0x0000000088500000, 0x0000000088500000, 0x0000000088600000|  0%| F|  |TAMS 0x0000000088500000| PB 0x0000000088500000| Untracked |  0
| 104|0x0000000088600000, 0x0000000088600000, 0x0000000088700000|  0%| F|  |TAMS 0x0000000088600000| PB 0x0000000088600000| Untracked |  0
| 105|0x0000000088700000, 0x0000000088700000, 0x0000000088800000|  0%| F|  |TAMS 0x0000000088700000| PB 0x0000000088700000| Untracked |  0
| 106|0x0000000088800000, 0x0000000088800000, 0x0000000088900000|  0%| F|  |TAMS 0x0000000088800000| PB 0x0000000088800000| Untracked |  0
| 107|0x0000000088900000, 0x00000000889f9600, 0x0000000088a00000| 97%| S|CS|TAMS 0x0000000088900000| PB 0x0000000088900000| Complete |  0
| 108|0x0000000088a00000, 0x0000000088b00000, 0x0000000088b00000|100%| S|CS|TAMS 0x0000000088a00000| PB 0x0000000088a00000| Complete |  0
| 109|0x0000000088b00000, 0x0000000088b00000, 0x0000000088c00000|  0%| F|  |TAMS 0x0000000088b00000| PB 0x0000000088b00000| Untracked |  0
| 110|0x0000000088c00000, 0x0000000088c00000, 0x0000000088d00000|  0%| F|  |TAMS 0x0000000088c00000| PB 0x0000000088c00000| Untracked |  0
| 111|0x0000000088d00000, 0x0000000088d00000, 0x0000000088e00000|  0%| F|  |TAMS 0x0000000088d00000| PB 0x0000000088d00000| Untracked |  0
| 112|0x0000000088e00000, 0x0000000088e00000, 0x0000000088f00000|  0%| F|  |TAMS 0x0000000088e00000| PB 0x0000000088e00000| Untracked |  0
| 113|0x0000000088f00000, 0x0000000088f00000, 0x0000000089000000|  0%| F|  |TAMS 0x0000000088f00000| PB 0x0000000088f00000| Untracked |  0
| 114|0x0000000089000000, 0x0000000089000000, 0x0000000089100000|  0%| F|  |TAMS 0x0000000089000000| PB 0x0000000089000000| Untracked |  0
| 115|0x0000000089100000, 0x0000000089100000, 0x0000000089200000|  0%| F|  |TAMS 0x0000000089100000| PB 0x0000000089100000| Untracked |  0
| 116|0x0000000089200000, 0x0000000089200000, 0x0000000089300000|  0%| F|  |TAMS 0x0000000089200000| PB 0x0000000089200000| Untracked |  0
| 117|0x0000000089300000, 0x0000000089300000, 0x0000000089400000|  0%| F|  |TAMS 0x0000000089300000| PB 0x0000000089300000| Untracked |  0
| 118|0x0000000089400000, 0x0000000089400000, 0x0000000089500000|  0%| F|  |TAMS 0x0000000089400000| PB 0x0000000089400000| Untracked |  0
| 119|0x0000000089500000, 0x0000000089500000, 0x0000000089600000|  0%| F|  |TAMS 0x0000000089500000| PB 0x0000000089500000| Untracked |  0
| 120|0x0000000089600000, 0x0000000089600000, 0x0000000089700000|  0%| F|  |TAMS 0x0000000089600000| PB 0x0000000089600000| Untracked |  0
| 121|0x0000000089700000, 0x0000000089700000, 0x0000000089800000|  0%| F|  |TAMS 0x0000000089700000| PB 0x0000000089700000| Untracked |  0
| 122|0x0000000089800000, 0x00000000898a5a18, 0x0000000089900000| 64%| E|  |TAMS 0x0000000089800000| PB 0x0000000089800000| Complete |  0
| 123|0x0000000089900000, 0x0000000089a00000, 0x0000000089a00000|100%| E|CS|TAMS 0x0000000089900000| PB 0x0000000089900000| Complete |  0
| 124|0x0000000089a00000, 0x0000000089b00000, 0x0000000089b00000|100%| E|CS|TAMS 0x0000000089a00000| PB 0x0000000089a00000| Complete |  0
| 125|0x0000000089b00000, 0x0000000089c00000, 0x0000000089c00000|100%| E|CS|TAMS 0x0000000089b00000| PB 0x0000000089b00000| Complete |  0
| 126|0x0000000089c00000, 0x0000000089d00000, 0x0000000089d00000|100%| E|CS|TAMS 0x0000000089c00000| PB 0x0000000089c00000| Complete |  0
| 127|0x0000000089d00000, 0x0000000089e00000, 0x0000000089e00000|100%| E|CS|TAMS 0x0000000089d00000| PB 0x0000000089d00000| Complete |  0

Card table byte_map: [0x000001ca9e300000,0x000001ca9e700000] _byte_map_base: 0x000001ca9def1000

Marking Bits: (CMBitMap*) 0x000001ca84e08010
 Bits: [0x000001ca9e700000, 0x000001caa0688000)

Polling page: 0x000001ca84e80000

Metaspace:

Usage:
  Non-class:     13.17 MB used.
      Class:      1.91 MB used.
       Both:     15.07 MB used.

Virtual space:
  Non-class space:       64.00 MB reserved,      13.31 MB ( 21%) committed,  1 nodes.
      Class space:        1.00 GB reserved,       2.00 MB ( <1%) committed,  1 nodes.
             Both:        1.06 GB reserved,      15.31 MB (  1%) committed. 

Chunk freelists:
   Non-Class:  2.41 MB
       Class:  14.05 MB
        Both:  16.45 MB

MaxMetaspaceSize: unlimited
CompressedClassSpaceSize: 1.00 GB
Initial GC threshold: 21.00 MB
Current GC threshold: 21.00 MB
CDS: on
 - commit_granule_bytes: 65536.
 - commit_granule_words: 8192.
 - virtual_space_node_default_size: 8388608.
 - enlarge_chunks_in_place: 1.
 - use_allocation_guard: 0.


Internal statistics:

num_allocs_failed_limit: 0.
num_arena_births: 138.
num_arena_deaths: 0.
num_vsnodes_births: 2.
num_vsnodes_deaths: 0.
num_space_committed: 245.
num_space_uncommitted: 0.
num_chunks_returned_to_freelist: 0.
num_chunks_taken_from_freelist: 477.
num_chunk_merges: 0.
num_chunk_splits: 342.
num_chunks_enlarged: 264.
num_inconsistent_stats: 0.

CodeHeap 'non-profiled nmethods': size=120000Kb used=641Kb max_used=641Kb free=119358Kb
 bounds [0x000001ca963a0000, 0x000001ca96610000, 0x000001ca9d8d0000]
CodeHeap 'profiled nmethods': size=120000Kb used=2861Kb max_used=2861Kb free=117138Kb
 bounds [0x000001ca8e8d0000, 0x000001ca8eba0000, 0x000001ca95e00000]
CodeHeap 'non-nmethods': size=5760Kb used=1496Kb max_used=1511Kb free=4263Kb
 bounds [0x000001ca95e00000, 0x000001ca96070000, 0x000001ca963a0000]
 total_blobs=2200 nmethods=1633 adapters=472
 compilation: enabled
              stopped_count=0, restarted_count=0
 full_count=0

Compilation events (20 events):
Event: 2.097 Thread 0x000001caa2cd1840 1616       3       sun.security.util.ArrayUtil::swap (15 bytes)
Event: 2.097 Thread 0x000001caa2cd1840 nmethod 1616 0x000001ca8eb94910 code [0x000001ca8eb94aa0, 0x000001ca8eb94be8]
Event: 2.099 Thread 0x000001caa2cce5d0 nmethod 1580 0x000001ca9643d810 code [0x000001ca9643d9a0, 0x000001ca9643dc88]
Event: 2.099 Thread 0x000001caa2cce5d0 1602       4       sun.security.util.math.intpoly.IntegerPolynomial$MutableElement::setProduct (58 bytes)
Event: 2.101 Thread 0x000001cae8e5db50 nmethod 1601 0x000001ca9643dd90 code [0x000001ca9643df20, 0x000001ca9643e240]
Event: 2.101 Thread 0x000001cae8e5db50 1606       4       sun.security.util.math.intpoly.IntegerPolynomial$MutableElement::setSquare (52 bytes)
Event: 2.102 Thread 0x000001cae8e5db50 nmethod 1606 0x000001ca9643e410 code [0x000001ca9643e5a0, 0x000001ca9643e6e8]
Event: 2.102 Thread 0x000001cae8e5db50 1609       4       sun.security.util.math.intpoly.IntegerPolynomial$MutableElement::setSquare (5 bytes)
Event: 2.104 Thread 0x000001cae8e5db50 nmethod 1609 0x000001ca9643e810 code [0x000001ca9643e9a0, 0x000001ca9643eae8]
Event: 2.104 Thread 0x000001cae8e5db50 1607       4       sun.security.util.math.intpoly.IntegerPolynomialP256::square (613 bytes)
Event: 2.107 Thread 0x000001caa2cd1840 1618       3       sun.security.util.math.intpoly.IntegerPolynomial::get0 (10 bytes)
Event: 2.107 Thread 0x000001caa2cd1840 nmethod 1618 0x000001ca8eb94d10 code [0x000001ca8eb94ec0, 0x000001ca8eb950c8]
Event: 2.107 Thread 0x000001caa2cd1840 1619       3       sun.security.util.math.intpoly.IntegerPolynomial::get0 (5 bytes)
Event: 2.107 Thread 0x000001caa2cd1840 nmethod 1619 0x000001ca8eb95210 code [0x000001ca8eb953c0, 0x000001ca8eb956b0]
Event: 2.108 Thread 0x000001caa2cce5d0 nmethod 1602 0x000001ca9643ec10 code [0x000001ca9643ede0, 0x000001ca9643f268]
Event: 2.108 Thread 0x000001caa2cce5d0 1612       4       sun.security.ec.point.ProjectivePoint$Mutable::conditionalSet (53 bytes)
Event: 2.113 Thread 0x000001cae8e5db50 nmethod 1607 0x000001ca9643f510 code [0x000001ca9643f6a0, 0x000001ca9643fc30]
Event: 2.113 Thread 0x000001cae8e5db50 1617       4       sun.security.util.math.intpoly.IntegerPolynomialP256::reduce (40 bytes)
Event: 2.114 Thread 0x000001cae8e5db50 nmethod 1617 0x000001ca9643fd90 code [0x000001ca9643ff20, 0x000001ca96440058]
Event: 2.114 Thread 0x000001cae8e5db50 1620       4       sun.security.ec.ECOperations::setDouble (463 bytes)

GC Heap History (4 events):
Event: 0.802 GC heap before
{Heap before GC invocations=0 (full 0):
 garbage-first heap   total reserved 2066432K, committed 131072K, used 14336K [0x0000000081e00000, 0x0000000100000000)
  region size 1024K, 14 young (14336K), 0 survivors (0K)
 Metaspace       used 4717K, committed 4928K, reserved 1114112K
  class space    used 501K, committed 576K, reserved 1048576K
}
Event: 0.807 GC heap after
{Heap after GC invocations=1 (full 0):
 garbage-first heap   total reserved 2066432K, committed 131072K, used 4479K [0x0000000081e00000, 0x0000000100000000)
  region size 1024K, 2 young (2048K), 2 survivors (2048K)
 Metaspace       used 4717K, committed 4928K, reserved 1114112K
  class space    used 501K, committed 576K, reserved 1048576K
}
Event: 1.730 GC heap before
{Heap before GC invocations=1 (full 0):
 garbage-first heap   total reserved 2066432K, committed 131072K, used 20863K [0x0000000081e00000, 0x0000000100000000)
  region size 1024K, 19 young (19456K), 2 survivors (2048K)
 Metaspace       used 10699K, committed 10944K, reserved 1114112K
  class space    used 1389K, committed 1536K, reserved 1048576K
}
Event: 1.737 GC heap after
{Heap after GC invocations=2 (full 0):
 garbage-first heap   total reserved 2066432K, committed 131072K, used 6671K [0x0000000081e00000, 0x0000000100000000)
  region size 1024K, 2 young (2048K), 2 survivors (2048K)
 Metaspace       used 10699K, committed 10944K, reserved 1114112K
  class space    used 1389K, committed 1536K, reserved 1048576K
}

Dll operation events (12 events):
Event: 0.014 Loaded shared library C:\Users\Azamat\.jdks\openjdk-22.0.1\bin\java.dll
Event: 0.076 Loaded shared library C:\Users\Azamat\.jdks\openjdk-22.0.1\bin\jsvml.dll
Event: 0.172 Loaded shared library C:\Users\Azamat\.jdks\openjdk-22.0.1\bin\zip.dll
Event: 0.177 Loaded shared library C:\Users\Azamat\.jdks\openjdk-22.0.1\bin\instrument.dll
Event: 0.182 Loaded shared library C:\Users\Azamat\.jdks\openjdk-22.0.1\bin\net.dll
Event: 0.184 Loaded shared library C:\Users\Azamat\.jdks\openjdk-22.0.1\bin\nio.dll
Event: 0.190 Loaded shared library C:\Users\Azamat\.jdks\openjdk-22.0.1\bin\zip.dll
Event: 0.202 Loaded shared library C:\Program Files\JetBrains\IntelliJ IDEA 2023.3.6\bin\breakgen64.dll
Event: 0.215 Loaded shared library C:\Users\Azamat\.jdks\openjdk-22.0.1\bin\extnet.dll
Event: 0.217 Loaded shared library C:\Users\Azamat\.jdks\openjdk-22.0.1\bin\verify.dll
Event: 0.427 Loaded shared library C:\Users\Azamat\.jdks\openjdk-22.0.1\bin\jimage.dll
Event: 1.973 Loaded shared library C:\Users\Azamat\.jdks\openjdk-22.0.1\bin\sunmscapi.dll

Deoptimization events (20 events):
Event: 1.638 Thread 0x000001ca84c95bd0 DEOPT PACKING pc=0x000001ca96404924 sp=0x000000b35eefd8a0
Event: 1.638 Thread 0x000001ca84c95bd0 DEOPT UNPACKING pc=0x000001ca95e546a2 sp=0x000000b35eefd7d0 mode 2
Event: 1.815 Thread 0x000001ca84c95bd0 DEOPT PACKING pc=0x000001ca8ead4761 sp=0x000000b35eefc870
Event: 1.815 Thread 0x000001ca84c95bd0 DEOPT UNPACKING pc=0x000001ca95e54e42 sp=0x000000b35eefbd68 mode 0
Event: 1.907 Thread 0x000001ca84c95bd0 Uncommon trap: trap_request=0xffffff45 fr.pc=0x000001ca96409abc relative=0x000000000000019c
Event: 1.907 Thread 0x000001ca84c95bd0 Uncommon trap: reason=unstable_if action=reinterpret pc=0x000001ca96409abc method=java.lang.CharacterDataLatin1.equalsIgnoreCase(BB)Z @ 54 c2
Event: 1.907 Thread 0x000001ca84c95bd0 DEOPT PACKING pc=0x000001ca96409abc sp=0x000000b35eef9680
Event: 1.907 Thread 0x000001ca84c95bd0 DEOPT UNPACKING pc=0x000001ca95e546a2 sp=0x000000b35eef9578 mode 2
Event: 1.907 Thread 0x000001ca84c95bd0 Uncommon trap: trap_request=0xffffff45 fr.pc=0x000001ca96409380 relative=0x0000000000000080
Event: 1.907 Thread 0x000001ca84c95bd0 Uncommon trap: reason=unstable_if action=reinterpret pc=0x000001ca96409380 method=java.lang.CharacterDataLatin1.equalsIgnoreCase(BB)Z @ 54 c2
Event: 1.908 Thread 0x000001ca84c95bd0 DEOPT PACKING pc=0x000001ca96409380 sp=0x000000b35eef9560
Event: 1.908 Thread 0x000001ca84c95bd0 DEOPT UNPACKING pc=0x000001ca95e546a2 sp=0x000000b35eef94f0 mode 2
Event: 1.989 Thread 0x000001ca84c95bd0 Uncommon trap: trap_request=0xffffff45 fr.pc=0x000001ca96403ed8 relative=0x0000000000000258
Event: 1.989 Thread 0x000001ca84c95bd0 Uncommon trap: reason=unstable_if action=reinterpret pc=0x000001ca96403ed8 method=java.util.HashMap.putVal(ILjava/lang/Object;Ljava/lang/Object;ZZ)Ljava/lang/Object; @ 162 c2
Event: 1.989 Thread 0x000001ca84c95bd0 DEOPT PACKING pc=0x000001ca96403ed8 sp=0x000000b35eeface0
Event: 1.989 Thread 0x000001ca84c95bd0 DEOPT UNPACKING pc=0x000001ca95e546a2 sp=0x000000b35eefac38 mode 2
Event: 1.997 Thread 0x000001ca84c95bd0 Uncommon trap: trap_request=0xffffff45 fr.pc=0x000001ca963ca0b4 relative=0x0000000000000194
Event: 1.997 Thread 0x000001ca84c95bd0 Uncommon trap: reason=unstable_if action=reinterpret pc=0x000001ca963ca0b4 method=jdk.internal.util.ArraysSupport.vectorizedHashCode(Ljava/lang/Object;IIII)I @ 2 c2
Event: 1.997 Thread 0x000001ca84c95bd0 DEOPT PACKING pc=0x000001ca963ca0b4 sp=0x000000b35eefac10
Event: 1.997 Thread 0x000001ca84c95bd0 DEOPT UNPACKING pc=0x000001ca95e546a2 sp=0x000000b35eefabc0 mode 2

Classes loaded (20 events):
Event: 2.047 Loading class java/security/interfaces/ECKey
Event: 2.047 Loading class java/security/interfaces/ECKey done
Event: 2.047 Loading class java/security/interfaces/ECPrivateKey done
Event: 2.047 Loading class sun/security/ec/ECPrivateKeyImpl done
Event: 2.047 Loading class sun/security/util/ArrayUtil
Event: 2.047 Loading class sun/security/util/ArrayUtil done
Event: 2.048 Loading class sun/security/ec/ECOperations$PointMultiplier
Event: 2.049 Loading class sun/security/ec/ECOperations$PointMultiplier done
Event: 2.049 Loading class sun/security/ec/ECOperations$PointMultiplier$Secp256R1GeneratorMultiplier
Event: 2.049 Loading class sun/security/ec/ECOperations$PointMultiplier$Secp256R1GeneratorMultiplier done
Event: 2.049 Loading class sun/security/ec/point/ProjectivePoint$Mutable
Event: 2.049 Loading class sun/security/ec/point/MutablePoint
Event: 2.049 Loading class sun/security/ec/point/MutablePoint done
Event: 2.049 Loading class sun/security/ec/point/ProjectivePoint$Mutable done
Event: 2.049 Loading class sun/security/ec/ECOperations$PointMultiplier$Secp256R1GeneratorMultiplier$P256
Event: 2.049 Loading class sun/security/ec/ECOperations$PointMultiplier$Secp256R1GeneratorMultiplier$P256 done
Event: 2.049 Loading class sun/security/ec/ECOperations$PointMultiplier$Default
Event: 2.049 Loading class sun/security/ec/ECOperations$PointMultiplier$Default done
Event: 2.052 Loading class sun/security/util/math/IntegerModuloP$MultiplicativeInverser$Secp256R1
Event: 2.053 Loading class sun/security/util/math/IntegerModuloP$MultiplicativeInverser$Secp256R1 done

Classes unloaded (0 events):
No events

Classes redefined (0 events):
No events

Internal exceptions (20 events):
Event: 0.217 Thread 0x000001cae81f5ee0 Exception <a 'java/lang/NoSuchMethodError'{0x0000000089b98940}: 'void java.lang.invoke.DirectMethodHandle$Holder.invokeStatic(java.lang.Object, java.lang.Object)'> (0x0000000089b98940) 
thrown [s\open\src\hotspot\share\interpreter\linkResolver.cpp, line 774]
Event: 0.231 Thread 0x000001ca84c95bd0 Exception <a 'java/io/FileNotFoundException'{0x0000000089bfd908}> (0x0000000089bfd908) 
thrown [s\open\src\hotspot\share\prims\jni.cpp, line 520]
Event: 0.333 Thread 0x000001ca84c95bd0 Exception <a 'java/lang/NoSuchMethodError'{0x00000000899214f8}: 'java.lang.Object java.lang.invoke.DirectMethodHandle$Holder.invokeInterface(java.lang.Object, java.lang.Object)'> (0x00000000899214f8) 
thrown [s\open\src\hotspot\share\interpreter\linkResolver.cpp, line 774]
Event: 0.334 Thread 0x000001ca84c95bd0 Exception <a 'java/lang/IncompatibleClassChangeError'{0x0000000089924a20}: Found class java.lang.Object, but interface was expected> (0x0000000089924a20) 
thrown [s\open\src\hotspot\share\interpreter\linkResolver.cpp, line 841]
Event: 0.359 Thread 0x000001ca84c95bd0 Exception <a 'java/lang/NoSuchMethodError'{0x0000000089977100}: 'java.lang.Object java.lang.invoke.DirectMethodHandle$Holder.newInvokeSpecial(java.lang.Object, java.lang.Object, java.lang.Object, java.lang.Object, java.lang.Object)'> (0x0000000089977100) 
thrown [s\open\src\hotspot\share\interpreter\linkResolver.cpp, line 774]
Event: 0.397 Thread 0x000001ca84c95bd0 Exception <a 'java/lang/NoSuchMethodError'{0x00000000899f9870}: 'long java.lang.invoke.DirectMethodHandle$Holder.invokeSpecial(java.lang.Object, java.lang.Object)'> (0x00000000899f9870) 
thrown [s\open\src\hotspot\share\interpreter\linkResolver.cpp, line 774]
Event: 0.397 Thread 0x000001ca84c95bd0 Exception <a 'java/lang/NoSuchMethodError'{0x00000000899fcdb0}: 'long java.lang.invoke.Invokers$Holder.invokeExact_MT(java.lang.Object, java.lang.Object)'> (0x00000000899fcdb0) 
thrown [s\open\src\hotspot\share\interpreter\linkResolver.cpp, line 774]
Event: 0.475 Thread 0x000001ca84c95bd0 Exception <a 'java/lang/NoSuchMethodError'{0x0000000089645ec8}: 'void java.lang.invoke.DirectMethodHandle$Holder.invokeVirtual(java.lang.Object, java.lang.Object)'> (0x0000000089645ec8) 
thrown [s\open\src\hotspot\share\interpreter\linkResolver.cpp, line 774]
Event: 0.476 Thread 0x000001ca84c95bd0 Exception <a 'java/lang/NoSuchMethodError'{0x0000000089649678}: 'void java.lang.invoke.DirectMethodHandle$Holder.invokeSpecial(java.lang.Object, java.lang.Object, java.lang.Object)'> (0x0000000089649678) 
thrown [s\open\src\hotspot\share\interpreter\linkResolver.cpp, line 774]
Event: 0.521 Thread 0x000001ca84c95bd0 Exception <a 'java/lang/NoSuchMethodError'{0x00000000895796e0}: 'java.lang.ClassLoader java.lang.Class.getClassLoader(java.lang.Class)'> (0x00000000895796e0) 
thrown [s\open\src\hotspot\share\interpreter\linkResolver.cpp, line 774]
Event: 0.522 Thread 0x000001ca84c95bd0 Exception <a 'java/lang/NoSuchMethodError'{0x000000008957df88}: 'java.lang.Object java.lang.invoke.DirectMethodHandle$Holder.invokeStatic(java.lang.Object, java.lang.Object, int)'> (0x000000008957df88) 
thrown [s\open\src\hotspot\share\interpreter\linkResolver.cpp, line 774]
Event: 0.523 Thread 0x000001ca84c95bd0 Exception <a 'java/lang/NoSuchMethodError'{0x00000000895899b8}: 'void java.lang.invoke.DelegatingMethodHandle$Holder.delegate(java.lang.Object, java.lang.Object, int, java.lang.Object)'> (0x00000000895899b8) 
thrown [s\open\src\hotspot\share\interpreter\linkResolver.cpp, line 774]
Event: 0.524 Thread 0x000001ca84c95bd0 Exception <a 'java/lang/NoSuchMethodError'{0x000000008958d9f8}: 'int java.lang.invoke.DirectMethodHandle$Holder.invokeSpecial(java.lang.Object, java.lang.Object, java.lang.Object)'> (0x000000008958d9f8) 
thrown [s\open\src\hotspot\share\interpreter\linkResolver.cpp, line 774]
Event: 0.914 Thread 0x000001ca84c95bd0 Exception <a 'java/lang/NoSuchMethodError'{0x0000000089b88730}: 'int java.lang.invoke.DirectMethodHandle$Holder.invokeVirtual(java.lang.Object, java.lang.Object)'> (0x0000000089b88730) 
thrown [s\open\src\hotspot\share\interpreter\linkResolver.cpp, line 774]
Event: 1.025 Thread 0x000001caa2cc2c40 Exception <a 'java/lang/NoSuchMethodError'{0x00000000899a7e68}: 'java.lang.Object java.lang.invoke.Invokers$Holder.invokeExact_MT(java.lang.Object, java.lang.Object, java.lang.Object, java.lang.Object, java.lang.Object, java.lang.Object)'> (0x00000000899a7e68) 
thrown [s\open\src\hotspot\share\interpreter\linkResolver.cpp, line 774]
Event: 1.325 Thread 0x000001ca84c95bd0 Exception <a 'java/lang/NoSuchMethodError'{0x0000000089549298}: 'java.lang.Object java.lang.invoke.DirectMethodHandle$Holder.invokeStaticInit(java.lang.Object, int, int, int, int)'> (0x0000000089549298) 
thrown [s\open\src\hotspot\share\interpreter\linkResolver.cpp, line 774]
Event: 1.348 Thread 0x000001ca84c95bd0 Exception <a 'java/lang/NoSuchMethodError'{0x0000000089572148}: 'java.lang.Object java.lang.invoke.DirectMethodHandle$Holder.invokeStaticInit(java.lang.Object, java.lang.Object, int, int, int, int)'> (0x0000000089572148) 
thrown [s\open\src\hotspot\share\interpreter\linkResolver.cpp, line 774]
Event: 1.635 Thread 0x000001ca84c95bd0 Exception <a 'java/lang/NoSuchMethodError'{0x0000000088d46a38}: 'java.lang.Object java.lang.invoke.DirectMethodHandle$Holder.invokeVirtual(java.lang.Object, java.lang.Object, java.lang.Object)'> (0x0000000088d46a38) 
thrown [s\open\src\hotspot\share\interpreter\linkResolver.cpp, line 774]
Event: 1.816 Thread 0x000001ca84c95bd0 Exception <a 'java/lang/NoSuchMethodError'{0x0000000089c8c350}: 'void java.lang.invoke.DirectMethodHandle$Holder.invokeStaticInit(java.lang.Object, java.lang.Object)'> (0x0000000089c8c350) 
thrown [s\open\src\hotspot\share\interpreter\linkResolver.cpp, line 774]
Event: 1.900 Thread 0x000001ca84c95bd0 Exception <a 'sun/nio/fs/WindowsException'{0x0000000089a469b8}> (0x0000000089a469b8) 
thrown [s\open\src\hotspot\share\prims\jni.cpp, line 520]

ZGC Phase Switch (0 events):
No events

VM Operations (20 events):
Event: 1.571 Executing VM operation: HandshakeAllThreads (Deoptimize)
Event: 1.571 Executing VM operation: HandshakeAllThreads (Deoptimize) done
Event: 1.616 Executing VM operation: HandshakeAllThreads (Deoptimize)
Event: 1.616 Executing VM operation: HandshakeAllThreads (Deoptimize) done
Event: 1.616 Executing VM operation: HandshakeAllThreads (Deoptimize)
Event: 1.616 Executing VM operation: HandshakeAllThreads (Deoptimize) done
Event: 1.631 Executing VM operation: HandshakeAllThreads (Deoptimize)
Event: 1.631 Executing VM operation: HandshakeAllThreads (Deoptimize) done
Event: 1.730 Executing VM operation: G1CollectForAllocation (G1 Evacuation Pause)
Event: 1.737 Executing VM operation: G1CollectForAllocation (G1 Evacuation Pause) done
Event: 1.750 Executing VM operation: HandshakeAllThreads (Deoptimize)
Event: 1.750 Executing VM operation: HandshakeAllThreads (Deoptimize) done
Event: 1.832 Executing VM operation: HandshakeAllThreads (Deoptimize)
Event: 1.832 Executing VM operation: HandshakeAllThreads (Deoptimize) done
Event: 1.862 Executing VM operation: HandshakeAllThreads (Deoptimize)
Event: 1.862 Executing VM operation: HandshakeAllThreads (Deoptimize) done
Event: 1.879 Executing VM operation: HandshakeAllThreads (Deoptimize)
Event: 1.879 Executing VM operation: HandshakeAllThreads (Deoptimize) done
Event: 1.913 Executing VM operation: HandshakeAllThreads (Deoptimize)
Event: 1.913 Executing VM operation: HandshakeAllThreads (Deoptimize) done

Events (14 events):
Event: 0.035 Thread 0x000001ca84c95bd0 Thread added: 0x000001ca84c95bd0
Event: 0.073 Thread 0x000001caa2cbb810 Thread added: 0x000001caa2cbb810
Event: 0.073 Thread 0x000001caa2cbd080 Thread added: 0x000001caa2cbd080
Event: 0.074 Thread 0x000001caa2cbff20 Thread added: 0x000001caa2cbff20
Event: 0.074 Thread 0x000001caa2cc2c40 Thread added: 0x000001caa2cc2c40
Event: 0.074 Thread 0x000001caa2cc3e40 Thread added: 0x000001caa2cc3e40
Event: 0.074 Thread 0x000001caa2ccacd0 Thread added: 0x000001caa2ccacd0
Event: 0.074 Thread 0x000001caa2cce5d0 Thread added: 0x000001caa2cce5d0
Event: 0.074 Thread 0x000001caa2cd1840 Thread added: 0x000001caa2cd1840
Event: 0.142 Thread 0x000001cae80a6270 Thread added: 0x000001cae80a6270
Event: 0.203 Thread 0x000001cae81f5ee0 Thread added: 0x000001cae81f5ee0
Event: 0.203 Thread 0x000001cae82294c0 Thread added: 0x000001cae82294c0
Event: 1.571 Thread 0x000001cae8c81fd0 Thread added: 0x000001cae8c81fd0
Event: 1.826 Thread 0x000001cae8e5db50 Thread added: 0x000001cae8e5db50


Dynamic libraries:
0x00007ff717ac0000 - 0x00007ff717ace000 	C:\Users\Azamat\.jdks\openjdk-22.0.1\bin\java.exe
0x00007ffab8310000 - 0x00007ffab8508000 	C:\WINDOWS\SYSTEM32\ntdll.dll
0x00007ffab7f30000 - 0x00007ffab7fed000 	C:\WINDOWS\System32\KERNEL32.DLL
0x00007ffab5c50000 - 0x00007ffab5f46000 	C:\WINDOWS\System32\KERNELBASE.dll
0x00007ffab5b50000 - 0x00007ffab5c50000 	C:\WINDOWS\System32\ucrtbase.dll
0x00007ffaadcd0000 - 0x00007ffaadceb000 	C:\Users\Azamat\.jdks\openjdk-22.0.1\bin\VCRUNTIME140.dll
0x00007ffaadcb0000 - 0x00007ffaadcc7000 	C:\Users\Azamat\.jdks\openjdk-22.0.1\bin\jli.dll
0x00007ffab68d0000 - 0x00007ffab6a6f000 	C:\WINDOWS\System32\USER32.dll
0x00007ffab60f0000 - 0x00007ffab6112000 	C:\WINDOWS\System32\win32u.dll
0x00007ffab4640000 - 0x00007ffab48da000 	C:\WINDOWS\WinSxS\amd64_microsoft.windows.common-controls_6595b64144ccf1df_6.0.19041.3636_none_60b6a03d71f818d5\COMCTL32.dll
0x00007ffab7be0000 - 0x00007ffab7c0b000 	C:\WINDOWS\System32\GDI32.dll
0x00007ffab7d60000 - 0x00007ffab7dfe000 	C:\WINDOWS\System32\msvcrt.dll
0x00007ffab5fa0000 - 0x00007ffab60b7000 	C:\WINDOWS\System32\gdi32full.dll
0x00007ffab5a00000 - 0x00007ffab5a9d000 	C:\WINDOWS\System32\msvcp_win.dll
0x00007ffab8260000 - 0x00007ffab8292000 	C:\WINDOWS\System32\IMM32.DLL
0x00007ffaafa80000 - 0x00007ffaafa8c000 	C:\Users\Azamat\.jdks\openjdk-22.0.1\bin\vcruntime140_1.dll
0x00007ffa903c0000 - 0x00007ffa9044e000 	C:\Users\Azamat\.jdks\openjdk-22.0.1\bin\msvcp140.dll
0x00007ffa59190000 - 0x00007ffa59ed7000 	C:\Users\Azamat\.jdks\openjdk-22.0.1\bin\server\jvm.dll
0x00007ffab6780000 - 0x00007ffab6830000 	C:\WINDOWS\System32\ADVAPI32.dll
0x00007ffab6830000 - 0x00007ffab68d0000 	C:\WINDOWS\System32\sechost.dll
0x00007ffab72e0000 - 0x00007ffab7403000 	C:\WINDOWS\System32\RPCRT4.dll
0x00007ffab60c0000 - 0x00007ffab60e7000 	C:\WINDOWS\System32\bcrypt.dll
0x00007ffab7c90000 - 0x00007ffab7cfb000 	C:\WINDOWS\System32\WS2_32.dll
0x00007ffab3e70000 - 0x00007ffab3e97000 	C:\WINDOWS\SYSTEM32\WINMM.dll
0x00007ffaa8e20000 - 0x00007ffaa8e2a000 	C:\WINDOWS\SYSTEM32\VERSION.dll
0x00007ffab4f20000 - 0x00007ffab4f6b000 	C:\WINDOWS\SYSTEM32\POWRPROF.dll
0x00007ffab4d90000 - 0x00007ffab4da2000 	C:\WINDOWS\SYSTEM32\UMPDC.dll
0x00007ffab3740000 - 0x00007ffab3752000 	C:\WINDOWS\SYSTEM32\kernel.appcore.dll
0x00007ffaadca0000 - 0x00007ffaadcaa000 	C:\Users\Azamat\.jdks\openjdk-22.0.1\bin\jimage.dll
0x00007ffab0410000 - 0x00007ffab05f4000 	C:\WINDOWS\SYSTEM32\DBGHELP.DLL
0x00007ffa9bcd0000 - 0x00007ffa9bd04000 	C:\WINDOWS\SYSTEM32\dbgcore.DLL
0x00007ffab6280000 - 0x00007ffab6302000 	C:\WINDOWS\System32\bcryptPrimitives.dll
0x00007ffaadc90000 - 0x00007ffaadc9f000 	C:\Users\Azamat\.jdks\openjdk-22.0.1\bin\instrument.dll
0x00007ffaadc60000 - 0x00007ffaadc7e000 	C:\Users\Azamat\.jdks\openjdk-22.0.1\bin\java.dll
0x00007ffab6b70000 - 0x00007ffab72db000 	C:\WINDOWS\System32\SHELL32.dll
0x00007ffab7e00000 - 0x00007ffab7f2b000 	C:\WINDOWS\System32\ole32.dll
0x00007ffab7740000 - 0x00007ffab7a93000 	C:\WINDOWS\System32\combase.dll
0x00007ffab3ea0000 - 0x00007ffab463e000 	C:\WINDOWS\SYSTEM32\windows.storage.dll
0x00007ffab53c0000 - 0x00007ffab53ee000 	C:\WINDOWS\SYSTEM32\Wldp.dll
0x00007ffab7670000 - 0x00007ffab773d000 	C:\WINDOWS\System32\OLEAUT32.dll
0x00007ffab75c0000 - 0x00007ffab766d000 	C:\WINDOWS\System32\SHCORE.dll
0x00007ffab7d00000 - 0x00007ffab7d55000 	C:\WINDOWS\System32\shlwapi.dll
0x00007ffab58c0000 - 0x00007ffab58e3000 	C:\WINDOWS\SYSTEM32\profapi.dll
0x00007ffa88a50000 - 0x00007ffa88b27000 	C:\Users\Azamat\.jdks\openjdk-22.0.1\bin\jsvml.dll
0x00007ffaac610000 - 0x00007ffaac627000 	C:\Users\Azamat\.jdks\openjdk-22.0.1\bin\zip.dll
0x00007ffaadc50000 - 0x00007ffaadc60000 	C:\Users\Azamat\.jdks\openjdk-22.0.1\bin\net.dll
0x00007ffab5120000 - 0x00007ffab518a000 	C:\WINDOWS\system32\mswsock.dll
0x00007ffaac630000 - 0x00007ffaac646000 	C:\Users\Azamat\.jdks\openjdk-22.0.1\bin\nio.dll
0x00007ffaac5f0000 - 0x00007ffaac60a000 	C:\Program Files\JetBrains\IntelliJ IDEA 2023.3.6\bin\breakgen64.dll
0x00007ffaadc40000 - 0x00007ffaadc49000 	C:\Users\Azamat\.jdks\openjdk-22.0.1\bin\extnet.dll
0x00007ffaac5e0000 - 0x00007ffaac5f0000 	C:\Users\Azamat\.jdks\openjdk-22.0.1\bin\verify.dll
0x00007ffab5310000 - 0x00007ffab5328000 	C:\WINDOWS\SYSTEM32\CRYPTSP.dll
0x000000005ec20000 - 0x000000005ec39000 	C:\Program Files\Common Files\Crypto Pro\AppCompat\cpadvai.dll
0x00007ffab49d0000 - 0x00007ffab4a04000 	C:\WINDOWS\system32\rsaenh.dll
0x00007ffab5840000 - 0x00007ffab586e000 	C:\WINDOWS\SYSTEM32\USERENV.dll
0x00007ffab5330000 - 0x00007ffab533c000 	C:\WINDOWS\SYSTEM32\CRYPTBASE.dll
0x00007ffab4db0000 - 0x00007ffab4deb000 	C:\WINDOWS\SYSTEM32\IPHLPAPI.DLL
0x00007ffab8170000 - 0x00007ffab8178000 	C:\WINDOWS\System32\NSI.dll
0x00007ffab4e00000 - 0x00007ffab4ecb000 	C:\WINDOWS\SYSTEM32\DNSAPI.dll
0x000000005d5a0000 - 0x000000005d5c6000 	C:\Program Files\Bonjour\mdnsNSP.dll
0x00007ffa9e6a0000 - 0x00007ffa9e6aa000 	C:\Windows\System32\rasadhlp.dll
0x00007ffa9e830000 - 0x00007ffa9e8b0000 	C:\WINDOWS\System32\fwpuclnt.dll
0x00007ffaac150000 - 0x00007ffaac15e000 	C:\Users\Azamat\.jdks\openjdk-22.0.1\bin\sunmscapi.dll
0x00007ffab6120000 - 0x00007ffab627e000 	C:\WINDOWS\System32\CRYPT32.dll
0x00007ffab5430000 - 0x00007ffab5458000 	C:\WINDOWS\SYSTEM32\ncrypt.dll
0x000000005ec40000 - 0x000000005ec65000 	C:\Program Files\Common Files\Crypto Pro\AppCompat\cpcrypt.dll
0x00007ffab6b00000 - 0x00007ffab6b08000 	C:\WINDOWS\System32\PSAPI.DLL
0x00007ffab53f0000 - 0x00007ffab542b000 	C:\WINDOWS\SYSTEM32\NTASN1.dll

dbghelp: loaded successfully - version: 4.0.5 - missing functions: none
symbol engine: initialized successfully - sym options: 0x614 - pdb path: .;C:\Users\Azamat\.jdks\openjdk-22.0.1\bin;C:\WINDOWS\SYSTEM32;C:\WINDOWS\WinSxS\amd64_microsoft.windows.common-controls_6595b64144ccf1df_6.0.19041.3636_none_60b6a03d71f818d5;C:\Users\Azamat\.jdks\openjdk-22.0.1\bin\server;C:\Program Files\JetBrains\IntelliJ IDEA 2023.3.6\bin;C:\Program Files\Common Files\Crypto Pro\AppCompat;C:\Program Files\Bonjour

VM Arguments:
jvm_args: -ea -Didea.test.cyclic.buffer.size=1048576 -javaagent:C:\Program Files\JetBrains\IntelliJ IDEA 2023.3.6\lib\idea_rt.jar=52388:C:\Program Files\JetBrains\IntelliJ IDEA 2023.3.6\bin -Dfile.encoding=UTF-8 -Dsun.stdout.encoding=UTF-8 -Dsun.stderr.encoding=UTF-8 
java_command: com.intellij.rt.junit.JUnitStarter -ideVersion5 -junit4 UserServiceTest
java_class_path (initial): C:\Program Files\JetBrains\IntelliJ IDEA 2023.3.6\lib\idea_rt.jar;C:\Program Files\JetBrains\IntelliJ IDEA 2023.3.6\plugins\junit\lib\junit5-rt.jar;C:\Program Files\JetBrains\IntelliJ IDEA 2023.3.6\plugins\junit\lib\junit-rt.jar;C:\Users\Azamat\IdeaProjects\PP_1_1.2-3\target\test-classes;C:\Users\Azamat\IdeaProjects\PP_1_1.2-3\target\classes;C:\Users\Azamat\.m2\repository\junit\junit\4.13.2\junit-4.13.2.jar;C:\Users\Azamat\.m2\repository\org\hamcrest\hamcrest-core\1.3\hamcrest-core-1.3.jar;C:\Users\Azamat\.m2\repository\mysql\mysql-connector-java\8.0.25\mysql-connector-java-8.0.25.jar;C:\Users\Azamat\.m2\repository\com\google\protobuf\protobuf-java\3.11.4\protobuf-java-3.11.4.jar;C:\Users\Azamat\.m2\repository\org\hibernate\javax\persistence\hibernate-jpa-2.1-api\1.0.2.Final\hibernate-jpa-2.1-api-1.0.2.Final.jar;C:\Users\Azamat\.m2\repository\org\hibernate\hibernate-core\5.6.3.Final\hibernate-core-5.6.3.Final.jar;C:\Users\Azamat\.m2\repository\org\jboss\logging\jboss-logging\3.4.2.Final\jboss-logging-3.4.2.Final.jar;C:\Users\Azamat\.m2\repository\javax\persistence\javax.persistence-api\2.2\javax.persistence-api-2.2.jar;C:\Users\Azamat\.m2\repository\net\bytebuddy\byte-buddy\1.11.20\byte-buddy-1.11.20.jar;C:\Users\Azamat\.m2\repository\antlr\antlr\2.7.7\antlr-2.7.7.jar;C:\Users\Azamat\.m2\repository\org\jboss\spec\javax\transaction\jboss-transaction-api_1.2_spec\1.1.1.Final\jboss-transaction-api_1.2_spec-1.1.1.Final.jar;C:\Users\Azamat\.m2\repository\org\jboss\jandex\2.2.3.Final\jandex-2.2.3.Final.jar;C:\Users\Azamat\.m2\repository\com\fasterxml\classmate\1.5.1\classmate-1.5.1.jar;C:\Users\Azamat\.m2\repository\javax\activation\javax.activation-api\1.2.0\javax.activation-api-1.2.0.jar;C:\Users\Azamat\.m2\repository\org\hibernate\common\hibernate-commons-annotations\5.1.2.Final\hibernate-commons-annotations-5.1.2.Final.jar;C:\Users\Azamat\.m2\repository\javax\xml\bind\jaxb-api\2.3.1\jaxb-api-2.3.1.jar;C:\Users\Azamat\.m2\repository\org\glassfish\jaxb\jaxb-runtime\2.3.1\jaxb-runtime-2.3.1.jar;C:\Users\Azamat\.m2\repository\org\glassfish\jaxb\txw2\2.3.1\txw2-2.3.1.jar;C:\Users\Azamat\.m2\repository\com\sun\istack\istack-commons-runtime\3.0.7\istack-commons-runtime-3.0.7.jar;C:\Users\Azamat\.m2\repository\org\jvnet\staxex\stax-ex\1.8\stax-ex-1.8.jar;C:\Users\Azamat\.m2\repository\com\sun\xml\fastinfoset\FastInfoset\1.2.15\FastInfoset-1.2.15.jar
Launcher Type: SUN_STANDARD

[Global flags]
     intx CICompilerCount                          = 3                                         {product} {ergonomic}
     uint ConcGCThreads                            = 1                                         {product} {ergonomic}
     uint G1ConcRefinementThreads                  = 4                                         {product} {ergonomic}
   size_t G1HeapRegionSize                         = 1048576                                   {product} {ergonomic}
   size_t InitialHeapSize                          = 134217728                                 {product} {ergonomic}
   size_t MarkStackSize                            = 4194304                                   {product} {ergonomic}
   size_t MaxHeapSize                              = 2116026368                                {product} {ergonomic}
   size_t MaxNewSize                               = 1268776960                                {product} {ergonomic}
   size_t MinHeapDeltaBytes                        = 1048576                                   {product} {ergonomic}
   size_t MinHeapSize                              = 8388608                                   {product} {ergonomic}
    uintx NonNMethodCodeHeapSize                   = 5832780                                {pd product} {ergonomic}
    uintx NonProfiledCodeHeapSize                  = 122912730                              {pd product} {ergonomic}
    uintx ProfiledCodeHeapSize                     = 122912730                              {pd product} {ergonomic}
    uintx ReservedCodeCacheSize                    = 251658240                              {pd product} {ergonomic}
     bool SegmentedCodeCache                       = true                                      {product} {ergonomic}
   size_t SoftMaxHeapSize                          = 2116026368                             {manageable} {ergonomic}
     bool UseCompressedOops                        = true                           {product lp64_product} {ergonomic}
     bool UseG1GC                                  = true                                      {product} {ergonomic}
     bool UseLargePagesIndividualAllocation        = false                                  {pd product} {ergonomic}

Logging:
Log output configuration:
 #0: stdout all=warning uptime,level,tags foldmultilines=false
 #1: stderr all=off uptime,level,tags foldmultilines=false

Environment Variables:
JAVA_HOME=C:\Java\JDK-17
PATH=C:\WINDOWS\system32;C:\WINDOWS;C:\WINDOWS\System32\Wbem;C:\WINDOWS\System32\WindowsPowerShell\v1.0\;C:\WINDOWS\System32\OpenSSH\;C:\Program Files\wget;C:\Program Files (x86)\Windows Live\Shared;C:\Program Files\wget;C:\Program Files (x86)\dotnet\;C:\Java\JDK-17\bin;C:\Program Files\Git\cmd;C:\Program Files\apache-maven-3.9.6\bin;C:\Program Files\MySQL\MySQL Shell 8.0\bin\;C:\Users\Azamat\AppData\Local\Microsoft\WindowsApps;C:\Users\Azamat\AppData\Local\GitHubDesktop\bin;C:\Program Files\JetBrains\IntelliJ IDEA Community Edition 2023.3.2\bin;;C:\Program Files\Git;C:\Program Files\apache-maven-3.9.6\bin;;C:\Program Files\JetBrains\IntelliJ IDEA 2023.3.6\bin;
USERNAME=Azamat
OS=Windows_NT
PROCESSOR_IDENTIFIER=Intel64 Family 6 Model 142 Stepping 9, GenuineIntel
TMP=C:\Users\Azamat\AppData\Local\Temp
TEMP=C:\Users\Azamat\AppData\Local\Temp




Periodic native trim disabled

---------------  S Y S T E M  ---------------

OS:
 Windows 10 , 64 bit Build 19041 (10.0.19041.3636)
OS uptime: 4 days 6:39 hours

CPU: total 4 (initial active 4) (2 cores per cpu, 2 threads per core) family 6 model 142 stepping 9 microcode 0xb4, cx8, cmov, fxsr, ht, mmx, 3dnowpref, sse, sse2, sse3, ssse3, sse4.1, sse4.2, popcnt, lzcnt, tsc, tscinvbit, avx, avx2, aes, erms, clmul, bmi1, bmi2, adx, fma, vzeroupper, clflush, clflushopt, rdtscp, f16c
Processor Information for all 4 processors :
  Max Mhz: 2712, Current Mhz: 2511, Mhz Limit: 2495

Memory: 4k page, system-wide physical 8067M (790M free)
TotalPageFile size 10067M (AvailPageFile size 4M)
current process WorkingSet (physical memory assigned to process): 98M, peak: 98M
current process commit charge ("private bytes"): 233M, peak: 233M

vm_info: OpenJDK 64-Bit Server VM (22.0.1+8-16) for windows-amd64 JRE (22.0.1+8-16), built on 2024-03-12T10:33:16Z by "mach5one" with MS VC++ 17.6 (VS2022)

END.
